{"message": "Unknown quality 'invalid', using 'medium'", "timestamp": "2026-06-27T06:46:24.454549", "level": "WARNING", "logger": "recording.drivers.mp4", "module": "mp4", "function": "__init__", "line": 57}
{"message": "Recording started: C:\\Users\\niran\\AppData\\Local\\Temp\\tmpkq66nr6f\\test_video.mp4 (1280x720 @ 15 FPS, medium quality)", "timestamp": "2026-06-27T06:46:24.704734", "level": "INFO", "logger": "recording.drivers.mp4", "module": "mp4", "function": "start_recording", "line": 124}
{"message": "Recording stopped: C:\\Users\\niran\\AppData\\Local\\Temp\\tmpkq66nr6f\\test_video.mp4 (0 frames, 0.2s, 0.0 MB)", "timestamp": "2026-06-27T06:46:24.707084", "level": "INFO", "logger": "recording.drivers.mp4", "module": "mp4", "function": "stop_recording", "line": 219}
{"message": "Recording started: C:\\Users\\niran\\AppData\\Local\\Temp\\tmp19h69jiv\\test_video.mp4 (1280x720 @ 15 FPS, medium quality)", "timestamp": "2026-06-27T06:46:24.716905", "level": "INFO", "logger": "recording.drivers.mp4", "module": "mp4", "function": "start_recording", "line": 124}
{"message": "Recording stopped: C:\\Users\\niran\\AppData\\Local\\Temp\\tmp19h69jiv\\test_video.mp4 (0 frames, 0.0s, 0.0 MB)", "timestamp": "2026-06-27T06:46:24.718040", "level": "INFO", "logger": "recording.drivers.mp4", "module": "mp4", "function": "stop_recording", "line": 219}
{"message": "Recording started: recordings\\2026\\06\\27\\camera_1\\camera_1_20260627_064624_725533.mp4 (1280x720 @ 15 FPS, medium quality)", "timestamp": "2026-06-27T06:46:24.732383", "level": "INFO", "logger": "recording.drivers.mp4", "module": "mp4", "function": "start_recording", "line": 124}
{"message": "Recording started: recordings\\2026\\06\\27\\camera_1\\camera_1_20260627_064624_738464.mp4 (1280x720 @ 15 FPS, medium quality)", "timestamp": "2026-06-27T06:46:24.740903", "level": "INFO", "logger": "recording.drivers.mp4", "module": "mp4", "function": "start_recording", "line": 124}
{"message": "Unknown quality 'invalid', using 'medium'", "timestamp": "2026-06-27T06:47:17.008716", "level": "WARNING", "logger": "recording.drivers.mp4", "module": "mp4", "function": "__init__", "line": 57}
{"message": "Recording started: C:\\Users\\niran\\AppData\\Local\\Temp\\tmpju858hyo\\test_video.mp4 (1280x720 @ 15 FPS, medium quality)", "timestamp": "2026-06-27T06:47:17.028073", "level": "INFO", "logger": "recording.drivers.mp4", "module": "mp4", "function": "start_recording", "line": 124}
{"message": "Recording stopped: C:\\Users\\niran\\AppData\\Local\\Temp\\tmpju858hyo\\test_video.mp4 (0 frames, 0.0s, 0.0 MB)", "timestamp": "2026-06-27T06:47:17.029381", "level": "INFO", "logger": "recording.drivers.mp4", "module": "mp4", "function": "stop_recording", "line": 219}
{"message": "Recording started: C:\\Users\\niran\\AppData\\Local\\Temp\\tmpu7mcyaei\\test_video.mp4 (1280x720 @ 15 FPS, medium quality)", "timestamp": "2026-06-27T06:47:17.039083", "level": "INFO", "logger": "recording.drivers.mp4", "module": "mp4", "function": "start_recording", "line": 124}
{"message": "Recording stopped: C:\\Users\\niran\\AppData\\Local\\Temp\\tmpu7mcyaei\\test_video.mp4 (0 frames, 0.0s, 0.0 MB)", "timestamp": "2026-06-27T06:47:17.040357", "level": "INFO", "logger": "recording.drivers.mp4", "module": "mp4", "function": "stop_recording", "line": 219}
{"message": "Recording started: recordings\\2026\\06\\27\\camera_1\\camera_1_20260627_064717_048377.mp4 (1280x720 @ 15 FPS, medium quality)", "timestamp": "2026-06-27T06:47:17.052305", "level": "INFO", "logger": "recording.drivers.mp4", "module": "mp4", "function": "start_recording", "line": 124}
{"message": "Recording started: recordings\\2026\\06\\27\\camera_1\\camera_1_20260627_064717_058531.mp4 (1280x720 @ 15 FPS, medium quality)", "timestamp": "2026-06-27T06:47:17.060927", "level": "INFO", "logger": "recording.drivers.mp4", "module": "mp4", "function": "start_recording", "line": 124}
{"message": "Unknown quality 'invalid', using 'medium'", "timestamp": "2026-06-27T06:48:06.598718", "level": "WARNING", "logger": "recording.drivers.mp4", "module": "mp4", "function": "__init__", "line": 57}
{"message": "Recording started: C:\\Users\\niran\\AppData\\Local\\Temp\\tmpelswi0k5\\test_video.mp4 (1280x720 @ 15 FPS, medium quality)", "timestamp": "2026-06-27T06:48:06.618188", "level": "INFO", "logger": "recording.drivers.mp4", "module": "mp4", "function": "start_recording", "line": 124}
{"message": "Recording stopped: C:\\Users\\niran\\AppData\\Local\\Temp\\tmpelswi0k5\\test_video.mp4 (0 frames, 0.0s, 0.0 MB)", "timestamp": "2026-06-27T06:48:06.619501", "level": "INFO", "logger": "recording.drivers.mp4", "module": "mp4", "function": "stop_recording", "line": 219}
{"message": "Recording started: C:\\Users\\niran\\AppData\\Local\\Temp\\tmpi7bpnsl4\\test_video.mp4 (1280x720 @ 15 FPS, medium quality)", "timestamp": "2026-06-27T06:48:06.629021", "level": "INFO", "logger": "recording.drivers.mp4", "module": "mp4", "function": "start_recording", "line": 124}
{"message": "Recording stopped: C:\\Users\\niran\\AppData\\Local\\Temp\\tmpi7bpnsl4\\test_video.mp4 (0 frames, 0.0s, 0.0 MB)", "timestamp": "2026-06-27T06:48:06.630041", "level": "INFO", "logger": "recording.drivers.mp4", "module": "mp4", "function": "stop_recording", "line": 219}
{"message": "Recording started: recordings\\2026\\06\\27\\camera_1\\camera_1_20260627_064806_637346.mp4 (1280x720 @ 15 FPS, medium quality)", "timestamp": "2026-06-27T06:48:06.641755", "level": "INFO", "logger": "recording.drivers.mp4", "module": "mp4", "function": "start_recording", "line": 124}
{"message": "Recording started: recordings\\2026\\06\\27\\camera_1\\camera_1_20260627_064806_648575.mp4 (1280x720 @ 15 FPS, medium quality)", "timestamp": "2026-06-27T06:48:06.651739", "level": "INFO", "logger": "recording.drivers.mp4", "module": "mp4", "function": "start_recording", "line": 124}
{"message": "Unknown quality 'invalid', using 'medium'", "timestamp": "2026-06-27T06:49:25.596435", "level": "WARNING", "logger": "recording.drivers.mp4", "module": "mp4", "function": "__init__", "line": 57}
{"message": "Recording started: C:\\Users\\niran\\AppData\\Local\\Temp\\tmpdbt41no9\\test_video.mp4 (1280x720 @ 15 FPS, medium quality)", "timestamp": "2026-06-27T06:49:25.678789", "level": "INFO", "logger": "recording.drivers.mp4", "module": "mp4", "function": "start_recording", "line": 124}
{"message": "Recording stopped: C:\\Users\\niran\\AppData\\Local\\Temp\\tmpdbt41no9\\test_video.mp4 (0 frames, 0.1s, 0.0 MB)", "timestamp": "2026-06-27T06:49:25.682058", "level": "INFO", "logger": "recording.drivers.mp4", "module": "mp4", "function": "stop_recording", "line": 219}
{"message": "Recording started: C:\\Users\\niran\\AppData\\Local\\Temp\\tmpdgdf5qz8\\test_video.mp4 (1280x720 @ 15 FPS, medium quality)", "timestamp": "2026-06-27T06:49:25.697241", "level": "INFO", "logger": "recording.drivers.mp4", "module": "mp4", "function": "start_recording", "line": 124}
{"message": "Recording stopped: C:\\Users\\niran\\AppData\\Local\\Temp\\tmpdgdf5qz8\\test_video.mp4 (0 frames, 0.0s, 0.0 MB)", "timestamp": "2026-06-27T06:49:25.698650", "level": "INFO", "logger": "recording.drivers.mp4", "module": "mp4", "function": "stop_recording", "line": 219}
{"message": "Recording started: recordings\\2026\\06\\27\\camera_1\\camera_1_20260627_064925_709021.mp4 (1280x720 @ 15 FPS, medium quality)", "timestamp": "2026-06-27T06:49:25.743736", "level": "INFO", "logger": "recording.drivers.mp4", "module": "mp4", "function": "start_recording", "line": 124}
{"message": "Recording started: recordings\\2026\\06\\27\\camera_1\\camera_1_20260627_064925_752236.mp4 (1280x720 @ 15 FPS, medium quality)", "timestamp": "2026-06-27T06:49:25.756576", "level": "INFO", "logger": "recording.drivers.mp4", "module": "mp4", "function": "start_recording", "line": 124}
{"message": "Unknown quality 'invalid', using 'medium'", "timestamp": "2026-06-27T06:50:10.887483", "level": "WARNING", "logger": "recording.drivers.mp4", "module": "mp4", "function": "__init__", "line": 57}
{"message": "Recording started: C:\\Users\\niran\\AppData\\Local\\Temp\\tmpl_dde6a0\\test_video.mp4 (1280x720 @ 15 FPS, medium quality)", "timestamp": "2026-06-27T06:50:10.902255", "level": "INFO", "logger": "recording.drivers.mp4", "module": "mp4", "function": "start_recording", "line": 124}
{"message": "Recording stopped: C:\\Users\\niran\\AppData\\Local\\Temp\\tmpl_dde6a0\\test_video.mp4 (0 frames, 0.0s, 0.0 MB)", "timestamp": "2026-06-27T06:50:10.903662", "level": "INFO", "logger": "recording.drivers.mp4", "module": "mp4", "function": "stop_recording", "line": 219}
{"message": "Recording started: C:\\Users\\niran\\AppData\\Local\\Temp\\tmpfziqz3vs\\test_video.mp4 (1280x720 @ 15 FPS, medium quality)", "timestamp": "2026-06-27T06:50:10.915130", "level": "INFO", "logger": "recording.drivers.mp4", "module": "mp4", "function": "start_recording", "line": 124}
{"message": "Recording stopped: C:\\Users\\niran\\AppData\\Local\\Temp\\tmpfziqz3vs\\test_video.mp4 (0 frames, 0.0s, 0.0 MB)", "timestamp": "2026-06-27T06:50:10.916454", "level": "INFO", "logger": "recording.drivers.mp4", "module": "mp4", "function": "stop_recording", "line": 219}
{"message": "Recording started: recordings\\2026\\06\\27\\camera_1\\camera_1_20260627_065010_925794.mp4 (1280x720 @ 15 FPS, medium quality)", "timestamp": "2026-06-27T06:50:10.932710", "level": "INFO", "logger": "recording.drivers.mp4", "module": "mp4", "function": "start_recording", "line": 124}
{"message": "Recording started: recordings\\2026\\06\\27\\camera_1\\camera_1_20260627_065010_939605.mp4 (1280x720 @ 15 FPS, medium quality)", "timestamp": "2026-06-27T06:50:10.942587", "level": "INFO", "logger": "recording.drivers.mp4", "module": "mp4", "function": "start_recording", "line": 124}
