{"message": "Stream manager initialized (quality: 75, fps: 15)", "timestamp": "2026-06-27T06:46:24.799604", "level": "INFO", "logger": "web.stream", "module": "stream", "function": "__init__", "line": 52}
{"message": "Stream manager initialized (quality: 70, fps: 15)", "timestamp": "2026-06-27T06:46:24.804065", "level": "INFO", "logger": "web.stream", "module": "stream", "function": "__init__", "line": 52}
{"message": "Client registered: client1 (total: 1)", "timestamp": "2026-06-27T06:46:24.804565", "level": "INFO", "logger": "web.stream", "module": "stream", "function": "register_client", "line": 63}
{"message": "Client registered: client2 (total: 2)", "timestamp": "2026-06-27T06:46:24.805329", "level": "INFO", "logger": "web.stream", "module": "stream", "function": "register_client", "line": 63}
{"message": "Stream manager initialized (quality: 70, fps: 15)", "timestamp": "2026-06-27T06:46:24.808065", "level": "INFO", "logger": "web.stream", "module": "stream", "function": "__init__", "line": 52}
{"message": "Client registered: client1 (total: 1)", "timestamp": "2026-06-27T06:46:24.808321", "level": "INFO", "logger": "web.stream", "module": "stream", "function": "register_client", "line": 63}
{"message": "Client registered: client2 (total: 2)", "timestamp": "2026-06-27T06:46:24.808545", "level": "INFO", "logger": "web.stream", "module": "stream", "function": "register_client", "line": 63}
{"message": "Client unregistered: client1 (total: 1)", "timestamp": "2026-06-27T06:46:24.808893", "level": "INFO", "logger": "web.stream", "module": "stream", "function": "unregister_client", "line": 74}
{"message": "Client unregistered: client2 (total: 0)", "timestamp": "2026-06-27T06:46:24.809264", "level": "INFO", "logger": "web.stream", "module": "stream", "function": "unregister_client", "line": 74}
{"message": "Stream manager initialized (quality: 70, fps: 15)", "timestamp": "2026-06-27T06:46:24.813002", "level": "INFO", "logger": "web.stream", "module": "stream", "function": "__init__", "line": 52}
{"message": "Stream manager initialized (quality: 70, fps: 15)", "timestamp": "2026-06-27T06:46:24.816731", "level": "INFO", "logger": "web.stream", "module": "stream", "function": "__init__", "line": 52}
{"message": "Stream manager initialized (quality: 50, fps: 15)", "timestamp": "2026-06-27T06:46:24.825928", "level": "INFO", "logger": "web.stream", "module": "stream", "function": "__init__", "line": 52}
{"message": "Stream quality changed to 90", "timestamp": "2026-06-27T06:46:24.826320", "level": "INFO", "logger": "web.stream", "module": "stream", "function": "set_quality", "line": 149}
{"message": "Invalid quality value: 150", "timestamp": "2026-06-27T06:46:24.826597", "level": "WARNING", "logger": "web.stream", "module": "stream", "function": "set_quality", "line": 151}
{"message": "Stream manager initialized (quality: 70, fps: 15)", "timestamp": "2026-06-27T06:46:24.830262", "level": "INFO", "logger": "web.stream", "module": "stream", "function": "__init__", "line": 52}
{"message": "Stream FPS changed to 30", "timestamp": "2026-06-27T06:46:24.830681", "level": "INFO", "logger": "web.stream", "module": "stream", "function": "set_fps", "line": 163}
{"message": "Stream manager initialized (quality: 70, fps: 15)", "timestamp": "2026-06-27T06:46:24.834863", "level": "INFO", "logger": "web.stream", "module": "stream", "function": "__init__", "line": 52}
{"message": "Client registered: client1 (total: 1)", "timestamp": "2026-06-27T06:46:24.835219", "level": "INFO", "logger": "web.stream", "module": "stream", "function": "register_client", "line": 63}
{"message": "Stream manager initialized (quality: 70, fps: 15)", "timestamp": "2026-06-27T06:46:25.142747", "level": "INFO", "logger": "web.stream", "module": "stream", "function": "__init__", "line": 52}
{"message": "Stream manager initialized (quality: 70, fps: 15)", "timestamp": "2026-06-27T06:46:25.610850", "level": "INFO", "logger": "web.stream", "module": "stream", "function": "__init__", "line": 52}
{"message": "Client registered: client_0 (total: 1)", "timestamp": "2026-06-27T06:46:25.611185", "level": "INFO", "logger": "web.stream", "module": "stream", "function": "register_client", "line": 63}
{"message": "Client registered: client_1 (total: 2)", "timestamp": "2026-06-27T06:46:25.611485", "level": "INFO", "logger": "web.stream", "module": "stream", "function": "register_client", "line": 63}
{"message": "Client registered: client_2 (total: 3)", "timestamp": "2026-06-27T06:46:25.611699", "level": "INFO", "logger": "web.stream", "module": "stream", "function": "register_client", "line": 63}
{"message": "Client registered: client_3 (total: 4)", "timestamp": "2026-06-27T06:46:25.611906", "level": "INFO", "logger": "web.stream", "module": "stream", "function": "register_client", "line": 63}
{"message": "Client registered: client_4 (total: 5)", "timestamp": "2026-06-27T06:46:25.612117", "level": "INFO", "logger": "web.stream", "module": "stream", "function": "register_client", "line": 63}
{"message": "Client registered: client_5 (total: 6)", "timestamp": "2026-06-27T06:46:25.612330", "level": "INFO", "logger": "web.stream", "module": "stream", "function": "register_client", "line": 63}
{"message": "Client registered: client_6 (total: 7)", "timestamp": "2026-06-27T06:46:25.612525", "level": "INFO", "logger": "web.stream", "module": "stream", "function": "register_client", "line": 63}
{"message": "Client registered: client_7 (total: 8)", "timestamp": "2026-06-27T06:46:25.612742", "level": "INFO", "logger": "web.stream", "module": "stream", "function": "register_client", "line": 63}
{"message": "Client registered: client_8 (total: 9)", "timestamp": "2026-06-27T06:46:25.612940", "level": "INFO", "logger": "web.stream", "module": "stream", "function": "register_client", "line": 63}
{"message": "Client registered: client_9 (total: 10)", "timestamp": "2026-06-27T06:46:25.613157", "level": "INFO", "logger": "web.stream", "module": "stream", "function": "register_client", "line": 63}
{"message": "Client registered: client_10 (total: 11)", "timestamp": "2026-06-27T06:46:25.613355", "level": "INFO", "logger": "web.stream", "module": "stream", "function": "register_client", "line": 63}
{"message": "Client registered: client_11 (total: 12)", "timestamp": "2026-06-27T06:46:25.613600", "level": "INFO", "logger": "web.stream", "module": "stream", "function": "register_client", "line": 63}
{"message": "Client registered: client_12 (total: 13)", "timestamp": "2026-06-27T06:46:25.613848", "level": "INFO", "logger": "web.stream", "module": "stream", "function": "register_client", "line": 63}
{"message": "Client registered: client_13 (total: 14)", "timestamp": "2026-06-27T06:46:25.614039", "level": "INFO", "logger": "web.stream", "module": "stream", "function": "register_client", "line": 63}
{"message": "Client registered: client_14 (total: 15)", "timestamp": "2026-06-27T06:46:25.614413", "level": "INFO", "logger": "web.stream", "module": "stream", "function": "register_client", "line": 63}
{"message": "Client registered: client_15 (total: 16)", "timestamp": "2026-06-27T06:46:25.614988", "level": "INFO", "logger": "web.stream", "module": "stream", "function": "register_client", "line": 63}
{"message": "Client registered: client_16 (total: 17)", "timestamp": "2026-06-27T06:46:25.615316", "level": "INFO", "logger": "web.stream", "module": "stream", "function": "register_client", "line": 63}
{"message": "Client registered: client_17 (total: 18)", "timestamp": "2026-06-27T06:46:25.615564", "level": "INFO", "logger": "web.stream", "module": "stream", "function": "register_client", "line": 63}
{"message": "Client registered: client_18 (total: 19)", "timestamp": "2026-06-27T06:46:25.615913", "level": "INFO", "logger": "web.stream", "module": "stream", "function": "register_client", "line": 63}
{"message": "Client registered: client_19 (total: 20)", "timestamp": "2026-06-27T06:46:25.616163", "level": "INFO", "logger": "web.stream", "module": "stream", "function": "register_client", "line": 63}
{"message": "Client registered: client_20 (total: 21)", "timestamp": "2026-06-27T06:46:25.616368", "level": "INFO", "logger": "web.stream", "module": "stream", "function": "register_client", "line": 63}
{"message": "Client registered: client_21 (total: 22)", "timestamp": "2026-06-27T06:46:25.616651", "level": "INFO", "logger": "web.stream", "module": "stream", "function": "register_client", "line": 63}
{"message": "Client registered: client_22 (total: 23)", "timestamp": "2026-06-27T06:46:25.616851", "level": "INFO", "logger": "web.stream", "module": "stream", "function": "register_client", "line": 63}
{"message": "Client registered: client_23 (total: 24)", "timestamp": "2026-06-27T06:46:25.617058", "level": "INFO", "logger": "web.stream", "module": "stream", "function": "register_client", "line": 63}
{"message": "Client registered: client_24 (total: 25)", "timestamp": "2026-06-27T06:46:25.617245", "level": "INFO", "logger": "web.stream", "module": "stream", "function": "register_client", "line": 63}
{"message": "Client registered: client_25 (total: 26)", "timestamp": "2026-06-27T06:46:25.617460", "level": "INFO", "logger": "web.stream", "module": "stream", "function": "register_client", "line": 63}
{"message": "Client registered: client_26 (total: 27)", "timestamp": "2026-06-27T06:46:25.617668", "level": "INFO", "logger": "web.stream", "module": "stream", "function": "register_client", "line": 63}
{"message": "Client registered: client_27 (total: 28)", "timestamp": "2026-06-27T06:46:25.618010", "level": "INFO", "logger": "web.stream", "module": "stream", "function": "register_client", "line": 63}
{"message": "Client registered: client_28 (total: 29)", "timestamp": "2026-06-27T06:46:25.618339", "level": "INFO", "logger": "web.stream", "module": "stream", "function": "register_client", "line": 63}
{"message": "Client registered: client_29 (total: 30)", "timestamp": "2026-06-27T06:46:25.618576", "level": "INFO", "logger": "web.stream", "module": "stream", "function": "register_client", "line": 63}
{"message": "Client registered: client_30 (total: 31)", "timestamp": "2026-06-27T06:46:25.618884", "level": "INFO", "logger": "web.stream", "module": "stream", "function": "register_client", "line": 63}
{"message": "Client registered: client_31 (total: 32)", "timestamp": "2026-06-27T06:46:25.619275", "level": "INFO", "logger": "web.stream", "module": "stream", "function": "register_client", "line": 63}
{"message": "Client registered: client_32 (total: 33)", "timestamp": "2026-06-27T06:46:25.619517", "level": "INFO", "logger": "web.stream", "module": "stream", "function": "register_client", "line": 63}
{"message": "Client registered: client_33 (total: 34)", "timestamp": "2026-06-27T06:46:25.619718", "level": "INFO", "logger": "web.stream", "module": "stream", "function": "register_client", "line": 63}
{"message": "Client registered: client_34 (total: 35)", "timestamp": "2026-06-27T06:46:25.619926", "level": "INFO", "logger": "web.stream", "module": "stream", "function": "register_client", "line": 63}
{"message": "Client registered: client_35 (total: 36)", "timestamp": "2026-06-27T06:46:25.620164", "level": "INFO", "logger": "web.stream", "module": "stream", "function": "register_client", "line": 63}
{"message": "Client registered: client_36 (total: 37)", "timestamp": "2026-06-27T06:46:25.620421", "level": "INFO", "logger": "web.stream", "module": "stream", "function": "register_client", "line": 63}
{"message": "Client registered: client_37 (total: 38)", "timestamp": "2026-06-27T06:46:25.620620", "level": "INFO", "logger": "web.stream", "module": "stream", "function": "register_client", "line": 63}
{"message": "Client registered: client_38 (total: 39)", "timestamp": "2026-06-27T06:46:25.620819", "level": "INFO", "logger": "web.stream", "module": "stream", "function": "register_client", "line": 63}
{"message": "Client registered: client_39 (total: 40)", "timestamp": "2026-06-27T06:46:25.621050", "level": "INFO", "logger": "web.stream", "module": "stream", "function": "register_client", "line": 63}
{"message": "Client registered: client_40 (total: 41)", "timestamp": "2026-06-27T06:46:25.621282", "level": "INFO", "logger": "web.stream", "module": "stream", "function": "register_client", "line": 63}
{"message": "Client registered: client_41 (total: 42)", "timestamp": "2026-06-27T06:46:25.621790", "level": "INFO", "logger": "web.stream", "module": "stream", "function": "register_client", "line": 63}
{"message": "Client registered: client_42 (total: 43)", "timestamp": "2026-06-27T06:46:25.622240", "level": "INFO", "logger": "web.stream", "module": "stream", "function": "register_client", "line": 63}
{"message": "Client registered: client_43 (total: 44)", "timestamp": "2026-06-27T06:46:25.622618", "level": "INFO", "logger": "web.stream", "module": "stream", "function": "register_client", "line": 63}
{"message": "Client registered: client_44 (total: 45)", "timestamp": "2026-06-27T06:46:25.622973", "level": "INFO", "logger": "web.stream", "module": "stream", "function": "register_client", "line": 63}
{"message": "Client registered: client_45 (total: 46)", "timestamp": "2026-06-27T06:46:25.623345", "level": "INFO", "logger": "web.stream", "module": "stream", "function": "register_client", "line": 63}
{"message": "Client registered: client_46 (total: 47)", "timestamp": "2026-06-27T06:46:25.623677", "level": "INFO", "logger": "web.stream", "module": "stream", "function": "register_client", "line": 63}
{"message": "Client registered: client_47 (total: 48)", "timestamp": "2026-06-27T06:46:25.624098", "level": "INFO", "logger": "web.stream", "module": "stream", "function": "register_client", "line": 63}
{"message": "Client registered: client_48 (total: 49)", "timestamp": "2026-06-27T06:46:25.624440", "level": "INFO", "logger": "web.stream", "module": "stream", "function": "register_client", "line": 63}
{"message": "Client registered: client_49 (total: 50)", "timestamp": "2026-06-27T06:46:25.624739", "level": "INFO", "logger": "web.stream", "module": "stream", "function": "register_client", "line": 63}
{"message": "Client registered: client_50 (total: 51)", "timestamp": "2026-06-27T06:46:25.624965", "level": "INFO", "logger": "web.stream", "module": "stream", "function": "register_client", "line": 63}
{"message": "Client registered: client_51 (total: 52)", "timestamp": "2026-06-27T06:46:25.625195", "level": "INFO", "logger": "web.stream", "module": "stream", "function": "register_client", "line": 63}
{"message": "Client registered: client_52 (total: 53)", "timestamp": "2026-06-27T06:46:25.625438", "level": "INFO", "logger": "web.stream", "module": "stream", "function": "register_client", "line": 63}
{"message": "Client registered: client_53 (total: 54)", "timestamp": "2026-06-27T06:46:25.625692", "level": "INFO", "logger": "web.stream", "module": "stream", "function": "register_client", "line": 63}
{"message": "Client registered: client_54 (total: 55)", "timestamp": "2026-06-27T06:46:25.625884", "level": "INFO", "logger": "web.stream", "module": "stream", "function": "register_client", "line": 63}
{"message": "Client registered: client_55 (total: 56)", "timestamp": "2026-06-27T06:46:25.626069", "level": "INFO", "logger": "web.stream", "module": "stream", "function": "register_client", "line": 63}
{"message": "Client registered: client_56 (total: 57)", "timestamp": "2026-06-27T06:46:25.626454", "level": "INFO", "logger": "web.stream", "module": "stream", "function": "register_client", "line": 63}
{"message": "Client registered: client_57 (total: 58)", "timestamp": "2026-06-27T06:46:25.626824", "level": "INFO", "logger": "web.stream", "module": "stream", "function": "register_client", "line": 63}
{"message": "Client registered: client_58 (total: 59)", "timestamp": "2026-06-27T06:46:25.627053", "level": "INFO", "logger": "web.stream", "module": "stream", "function": "register_client", "line": 63}
{"message": "Client registered: client_59 (total: 60)", "timestamp": "2026-06-27T06:46:25.627308", "level": "INFO", "logger": "web.stream", "module": "stream", "function": "register_client", "line": 63}
{"message": "Client registered: client_60 (total: 61)", "timestamp": "2026-06-27T06:46:25.627544", "level": "INFO", "logger": "web.stream", "module": "stream", "function": "register_client", "line": 63}
{"message": "Client registered: client_61 (total: 62)", "timestamp": "2026-06-27T06:46:25.627860", "level": "INFO", "logger": "web.stream", "module": "stream", "function": "register_client", "line": 63}
{"message": "Client registered: client_62 (total: 63)", "timestamp": "2026-06-27T06:46:25.628324", "level": "INFO", "logger": "web.stream", "module": "stream", "function": "register_client", "line": 63}
{"message": "Client registered: client_63 (total: 64)", "timestamp": "2026-06-27T06:46:25.628719", "level": "INFO", "logger": "web.stream", "module": "stream", "function": "register_client", "line": 63}
{"message": "Client registered: client_64 (total: 65)", "timestamp": "2026-06-27T06:46:25.629144", "level": "INFO", "logger": "web.stream", "module": "stream", "function": "register_client", "line": 63}
{"message": "Client registered: client_65 (total: 66)", "timestamp": "2026-06-27T06:46:25.629650", "level": "INFO", "logger": "web.stream", "module": "stream", "function": "register_client", "line": 63}
{"message": "Client registered: client_66 (total: 67)", "timestamp": "2026-06-27T06:46:25.630126", "level": "INFO", "logger": "web.stream", "module": "stream", "function": "register_client", "line": 63}
{"message": "Client registered: client_67 (total: 68)", "timestamp": "2026-06-27T06:46:25.630443", "level": "INFO", "logger": "web.stream", "module": "stream", "function": "register_client", "line": 63}
{"message": "Client registered: client_68 (total: 69)", "timestamp": "2026-06-27T06:46:25.630653", "level": "INFO", "logger": "web.stream", "module": "stream", "function": "register_client", "line": 63}
{"message": "Client registered: client_69 (total: 70)", "timestamp": "2026-06-27T06:46:25.630874", "level": "INFO", "logger": "web.stream", "module": "stream", "function": "register_client", "line": 63}
{"message": "Client registered: client_70 (total: 71)", "timestamp": "2026-06-27T06:46:25.631062", "level": "INFO", "logger": "web.stream", "module": "stream", "function": "register_client", "line": 63}
{"message": "Client registered: client_71 (total: 72)", "timestamp": "2026-06-27T06:46:25.631276", "level": "INFO", "logger": "web.stream", "module": "stream", "function": "register_client", "line": 63}
{"message": "Client registered: client_72 (total: 73)", "timestamp": "2026-06-27T06:46:25.631524", "level": "INFO", "logger": "web.stream", "module": "stream", "function": "register_client", "line": 63}
{"message": "Client registered: client_73 (total: 74)", "timestamp": "2026-06-27T06:46:25.631715", "level": "INFO", "logger": "web.stream", "module": "stream", "function": "register_client", "line": 63}
{"message": "Client registered: client_74 (total: 75)", "timestamp": "2026-06-27T06:46:25.631958", "level": "INFO", "logger": "web.stream", "module": "stream", "function": "register_client", "line": 63}
{"message": "Client registered: client_75 (total: 76)", "timestamp": "2026-06-27T06:46:25.632148", "level": "INFO", "logger": "web.stream", "module": "stream", "function": "register_client", "line": 63}
{"message": "Client registered: client_76 (total: 77)", "timestamp": "2026-06-27T06:46:25.632377", "level": "INFO", "logger": "web.stream", "module": "stream", "function": "register_client", "line": 63}
{"message": "Client registered: client_77 (total: 78)", "timestamp": "2026-06-27T06:46:25.632577", "level": "INFO", "logger": "web.stream", "module": "stream", "function": "register_client", "line": 63}
{"message": "Client registered: client_78 (total: 79)", "timestamp": "2026-06-27T06:46:25.632765", "level": "INFO", "logger": "web.stream", "module": "stream", "function": "register_client", "line": 63}
{"message": "Client registered: client_79 (total: 80)", "timestamp": "2026-06-27T06:46:25.632959", "level": "INFO", "logger": "web.stream", "module": "stream", "function": "register_client", "line": 63}
{"message": "Client registered: client_80 (total: 81)", "timestamp": "2026-06-27T06:46:25.633148", "level": "INFO", "logger": "web.stream", "module": "stream", "function": "register_client", "line": 63}
{"message": "Client registered: client_81 (total: 82)", "timestamp": "2026-06-27T06:46:25.633431", "level": "INFO", "logger": "web.stream", "module": "stream", "function": "register_client", "line": 63}
{"message": "Client registered: client_82 (total: 83)", "timestamp": "2026-06-27T06:46:25.633626", "level": "INFO", "logger": "web.stream", "module": "stream", "function": "register_client", "line": 63}
{"message": "Client registered: client_83 (total: 84)", "timestamp": "2026-06-27T06:46:25.633857", "level": "INFO", "logger": "web.stream", "module": "stream", "function": "register_client", "line": 63}
{"message": "Client registered: client_84 (total: 85)", "timestamp": "2026-06-27T06:46:25.634091", "level": "INFO", "logger": "web.stream", "module": "stream", "function": "register_client", "line": 63}
{"message": "Client registered: client_85 (total: 86)", "timestamp": "2026-06-27T06:46:25.634275", "level": "INFO", "logger": "web.stream", "module": "stream", "function": "register_client", "line": 63}
{"message": "Client registered: client_86 (total: 87)", "timestamp": "2026-06-27T06:46:25.634642", "level": "INFO", "logger": "web.stream", "module": "stream", "function": "register_client", "line": 63}
{"message": "Client registered: client_87 (total: 88)", "timestamp": "2026-06-27T06:46:25.635115", "level": "INFO", "logger": "web.stream", "module": "stream", "function": "register_client", "line": 63}
{"message": "Client registered: client_88 (total: 89)", "timestamp": "2026-06-27T06:46:25.635561", "level": "INFO", "logger": "web.stream", "module": "stream", "function": "register_client", "line": 63}
{"message": "Client registered: client_89 (total: 90)", "timestamp": "2026-06-27T06:46:25.635828", "level": "INFO", "logger": "web.stream", "module": "stream", "function": "register_client", "line": 63}
{"message": "Client registered: client_90 (total: 91)", "timestamp": "2026-06-27T06:46:25.636142", "level": "INFO", "logger": "web.stream", "module": "stream", "function": "register_client", "line": 63}
{"message": "Client registered: client_91 (total: 92)", "timestamp": "2026-06-27T06:46:25.636571", "level": "INFO", "logger": "web.stream", "module": "stream", "function": "register_client", "line": 63}
{"message": "Client registered: client_92 (total: 93)", "timestamp": "2026-06-27T06:46:25.636948", "level": "INFO", "logger": "web.stream", "module": "stream", "function": "register_client", "line": 63}
{"message": "Client registered: client_93 (total: 94)", "timestamp": "2026-06-27T06:46:25.637281", "level": "INFO", "logger": "web.stream", "module": "stream", "function": "register_client", "line": 63}
{"message": "Client registered: client_94 (total: 95)", "timestamp": "2026-06-27T06:46:25.637616", "level": "INFO", "logger": "web.stream", "module": "stream", "function": "register_client", "line": 63}
{"message": "Client registered: client_95 (total: 96)", "timestamp": "2026-06-27T06:46:25.637937", "level": "INFO", "logger": "web.stream", "module": "stream", "function": "register_client", "line": 63}
{"message": "Client registered: client_96 (total: 97)", "timestamp": "2026-06-27T06:46:25.638252", "level": "INFO", "logger": "web.stream", "module": "stream", "function": "register_client", "line": 63}
{"message": "Client registered: client_97 (total: 98)", "timestamp": "2026-06-27T06:46:25.638626", "level": "INFO", "logger": "web.stream", "module": "stream", "function": "register_client", "line": 63}
{"message": "Client registered: client_98 (total: 99)", "timestamp": "2026-06-27T06:46:25.638929", "level": "INFO", "logger": "web.stream", "module": "stream", "function": "register_client", "line": 63}
{"message": "Client registered: client_99 (total: 100)", "timestamp": "2026-06-27T06:46:25.639248", "level": "INFO", "logger": "web.stream", "module": "stream", "function": "register_client", "line": 63}
{"message": "Client unregistered: client_0 (total: 99)", "timestamp": "2026-06-27T06:46:25.639796", "level": "INFO", "logger": "web.stream", "module": "stream", "function": "unregister_client", "line": 74}
{"message": "Client unregistered: client_1 (total: 98)", "timestamp": "2026-06-27T06:46:25.640304", "level": "INFO", "logger": "web.stream", "module": "stream", "function": "unregister_client", "line": 74}
{"message": "Client unregistered: client_2 (total: 97)", "timestamp": "2026-06-27T06:46:25.640609", "level": "INFO", "logger": "web.stream", "module": "stream", "function": "unregister_client", "line": 74}
{"message": "Client unregistered: client_3 (total: 96)", "timestamp": "2026-06-27T06:46:25.640805", "level": "INFO", "logger": "web.stream", "module": "stream", "function": "unregister_client", "line": 74}
{"message": "Client unregistered: client_4 (total: 95)", "timestamp": "2026-06-27T06:46:25.640995", "level": "INFO", "logger": "web.stream", "module": "stream", "function": "unregister_client", "line": 74}
{"message": "Client unregistered: client_5 (total: 94)", "timestamp": "2026-06-27T06:46:25.641183", "level": "INFO", "logger": "web.stream", "module": "stream", "function": "unregister_client", "line": 74}
{"message": "Client unregistered: client_6 (total: 93)", "timestamp": "2026-06-27T06:46:25.641374", "level": "INFO", "logger": "web.stream", "module": "stream", "function": "unregister_client", "line": 74}
{"message": "Client unregistered: client_7 (total: 92)", "timestamp": "2026-06-27T06:46:25.641636", "level": "INFO", "logger": "web.stream", "module": "stream", "function": "unregister_client", "line": 74}
{"message": "Client unregistered: client_8 (total: 91)", "timestamp": "2026-06-27T06:46:25.641852", "level": "INFO", "logger": "web.stream", "module": "stream", "function": "unregister_client", "line": 74}
{"message": "Client unregistered: client_9 (total: 90)", "timestamp": "2026-06-27T06:46:25.642083", "level": "INFO", "logger": "web.stream", "module": "stream", "function": "unregister_client", "line": 74}
{"message": "Client unregistered: client_10 (total: 89)", "timestamp": "2026-06-27T06:46:25.642700", "level": "INFO", "logger": "web.stream", "module": "stream", "function": "unregister_client", "line": 74}
{"message": "Client unregistered: client_11 (total: 88)", "timestamp": "2026-06-27T06:46:25.643080", "level": "INFO", "logger": "web.stream", "module": "stream", "function": "unregister_client", "line": 74}
{"message": "Client unregistered: client_12 (total: 87)", "timestamp": "2026-06-27T06:46:25.643410", "level": "INFO", "logger": "web.stream", "module": "stream", "function": "unregister_client", "line": 74}
{"message": "Client unregistered: client_13 (total: 86)", "timestamp": "2026-06-27T06:46:25.643747", "level": "INFO", "logger": "web.stream", "module": "stream", "function": "unregister_client", "line": 74}
{"message": "Client unregistered: client_14 (total: 85)", "timestamp": "2026-06-27T06:46:25.644065", "level": "INFO", "logger": "web.stream", "module": "stream", "function": "unregister_client", "line": 74}
{"message": "Client unregistered: client_15 (total: 84)", "timestamp": "2026-06-27T06:46:25.644376", "level": "INFO", "logger": "web.stream", "module": "stream", "function": "unregister_client", "line": 74}
{"message": "Client unregistered: client_16 (total: 83)", "timestamp": "2026-06-27T06:46:25.644671", "level": "INFO", "logger": "web.stream", "module": "stream", "function": "unregister_client", "line": 74}
{"message": "Client unregistered: client_17 (total: 82)", "timestamp": "2026-06-27T06:46:25.644962", "level": "INFO", "logger": "web.stream", "module": "stream", "function": "unregister_client", "line": 74}
{"message": "Client unregistered: client_18 (total: 81)", "timestamp": "2026-06-27T06:46:25.645269", "level": "INFO", "logger": "web.stream", "module": "stream", "function": "unregister_client", "line": 74}
{"message": "Client unregistered: client_19 (total: 80)", "timestamp": "2026-06-27T06:46:25.645576", "level": "INFO", "logger": "web.stream", "module": "stream", "function": "unregister_client", "line": 74}
{"message": "Client unregistered: client_20 (total: 79)", "timestamp": "2026-06-27T06:46:25.645942", "level": "INFO", "logger": "web.stream", "module": "stream", "function": "unregister_client", "line": 74}
{"message": "Client unregistered: client_21 (total: 78)", "timestamp": "2026-06-27T06:46:25.646236", "level": "INFO", "logger": "web.stream", "module": "stream", "function": "unregister_client", "line": 74}
{"message": "Client unregistered: client_22 (total: 77)", "timestamp": "2026-06-27T06:46:25.646546", "level": "INFO", "logger": "web.stream", "module": "stream", "function": "unregister_client", "line": 74}
{"message": "Client unregistered: client_23 (total: 76)", "timestamp": "2026-06-27T06:46:25.646839", "level": "INFO", "logger": "web.stream", "module": "stream", "function": "unregister_client", "line": 74}
{"message": "Client unregistered: client_24 (total: 75)", "timestamp": "2026-06-27T06:46:25.647146", "level": "INFO", "logger": "web.stream", "module": "stream", "function": "unregister_client", "line": 74}
{"message": "Client unregistered: client_25 (total: 74)", "timestamp": "2026-06-27T06:46:25.647422", "level": "INFO", "logger": "web.stream", "module": "stream", "function": "unregister_client", "line": 74}
{"message": "Client unregistered: client_26 (total: 73)", "timestamp": "2026-06-27T06:46:25.647709", "level": "INFO", "logger": "web.stream", "module": "stream", "function": "unregister_client", "line": 74}
{"message": "Client unregistered: client_27 (total: 72)", "timestamp": "2026-06-27T06:46:25.648048", "level": "INFO", "logger": "web.stream", "module": "stream", "function": "unregister_client", "line": 74}
{"message": "Client unregistered: client_28 (total: 71)", "timestamp": "2026-06-27T06:46:25.648372", "level": "INFO", "logger": "web.stream", "module": "stream", "function": "unregister_client", "line": 74}
{"message": "Client unregistered: client_29 (total: 70)", "timestamp": "2026-06-27T06:46:25.648660", "level": "INFO", "logger": "web.stream", "module": "stream", "function": "unregister_client", "line": 74}
{"message": "Client unregistered: client_30 (total: 69)", "timestamp": "2026-06-27T06:46:25.648939", "level": "INFO", "logger": "web.stream", "module": "stream", "function": "unregister_client", "line": 74}
{"message": "Client unregistered: client_31 (total: 68)", "timestamp": "2026-06-27T06:46:25.649530", "level": "INFO", "logger": "web.stream", "module": "stream", "function": "unregister_client", "line": 74}
{"message": "Client unregistered: client_32 (total: 67)", "timestamp": "2026-06-27T06:46:25.650610", "level": "INFO", "logger": "web.stream", "module": "stream", "function": "unregister_client", "line": 74}
{"message": "Client unregistered: client_33 (total: 66)", "timestamp": "2026-06-27T06:46:25.650955", "level": "INFO", "logger": "web.stream", "module": "stream", "function": "unregister_client", "line": 74}
{"message": "Client unregistered: client_34 (total: 65)", "timestamp": "2026-06-27T06:46:25.651456", "level": "INFO", "logger": "web.stream", "module": "stream", "function": "unregister_client", "line": 74}
{"message": "Client unregistered: client_35 (total: 64)", "timestamp": "2026-06-27T06:46:25.651918", "level": "INFO", "logger": "web.stream", "module": "stream", "function": "unregister_client", "line": 74}
{"message": "Client unregistered: client_36 (total: 63)", "timestamp": "2026-06-27T06:46:25.652369", "level": "INFO", "logger": "web.stream", "module": "stream", "function": "unregister_client", "line": 74}
{"message": "Client unregistered: client_37 (total: 62)", "timestamp": "2026-06-27T06:46:25.652806", "level": "INFO", "logger": "web.stream", "module": "stream", "function": "unregister_client", "line": 74}
{"message": "Client unregistered: client_38 (total: 61)", "timestamp": "2026-06-27T06:46:25.653240", "level": "INFO", "logger": "web.stream", "module": "stream", "function": "unregister_client", "line": 74}
{"message": "Client unregistered: client_39 (total: 60)", "timestamp": "2026-06-27T06:46:25.653702", "level": "INFO", "logger": "web.stream", "module": "stream", "function": "unregister_client", "line": 74}
{"message": "Client unregistered: client_40 (total: 59)", "timestamp": "2026-06-27T06:46:25.654175", "level": "INFO", "logger": "web.stream", "module": "stream", "function": "unregister_client", "line": 74}
{"message": "Client unregistered: client_41 (total: 58)", "timestamp": "2026-06-27T06:46:25.654603", "level": "INFO", "logger": "web.stream", "module": "stream", "function": "unregister_client", "line": 74}
{"message": "Client unregistered: client_42 (total: 57)", "timestamp": "2026-06-27T06:46:25.654903", "level": "INFO", "logger": "web.stream", "module": "stream", "function": "unregister_client", "line": 74}
{"message": "Client unregistered: client_43 (total: 56)", "timestamp": "2026-06-27T06:46:25.655133", "level": "INFO", "logger": "web.stream", "module": "stream", "function": "unregister_client", "line": 74}
{"message": "Client unregistered: client_44 (total: 55)", "timestamp": "2026-06-27T06:46:25.655369", "level": "INFO", "logger": "web.stream", "module": "stream", "function": "unregister_client", "line": 74}
{"message": "Client unregistered: client_45 (total: 54)", "timestamp": "2026-06-27T06:46:25.655562", "level": "INFO", "logger": "web.stream", "module": "stream", "function": "unregister_client", "line": 74}
{"message": "Client unregistered: client_46 (total: 53)", "timestamp": "2026-06-27T06:46:25.656043", "level": "INFO", "logger": "web.stream", "module": "stream", "function": "unregister_client", "line": 74}
{"message": "Client unregistered: client_47 (total: 52)", "timestamp": "2026-06-27T06:46:25.656458", "level": "INFO", "logger": "web.stream", "module": "stream", "function": "unregister_client", "line": 74}
{"message": "Client unregistered: client_48 (total: 51)", "timestamp": "2026-06-27T06:46:25.656703", "level": "INFO", "logger": "web.stream", "module": "stream", "function": "unregister_client", "line": 74}
{"message": "Client unregistered: client_49 (total: 50)", "timestamp": "2026-06-27T06:46:25.656933", "level": "INFO", "logger": "web.stream", "module": "stream", "function": "unregister_client", "line": 74}
{"message": "Client unregistered: client_50 (total: 49)", "timestamp": "2026-06-27T06:46:25.657228", "level": "INFO", "logger": "web.stream", "module": "stream", "function": "unregister_client", "line": 74}
{"message": "Client unregistered: client_51 (total: 48)", "timestamp": "2026-06-27T06:46:25.657550", "level": "INFO", "logger": "web.stream", "module": "stream", "function": "unregister_client", "line": 74}
{"message": "Client unregistered: client_52 (total: 47)", "timestamp": "2026-06-27T06:46:25.657857", "level": "INFO", "logger": "web.stream", "module": "stream", "function": "unregister_client", "line": 74}
{"message": "Client unregistered: client_53 (total: 46)", "timestamp": "2026-06-27T06:46:25.658118", "level": "INFO", "logger": "web.stream", "module": "stream", "function": "unregister_client", "line": 74}
{"message": "Client unregistered: client_54 (total: 45)", "timestamp": "2026-06-27T06:46:25.658583", "level": "INFO", "logger": "web.stream", "module": "stream", "function": "unregister_client", "line": 74}
{"message": "Client unregistered: client_55 (total: 44)", "timestamp": "2026-06-27T06:46:25.658851", "level": "INFO", "logger": "web.stream", "module": "stream", "function": "unregister_client", "line": 74}
{"message": "Client unregistered: client_56 (total: 43)", "timestamp": "2026-06-27T06:46:25.659102", "level": "INFO", "logger": "web.stream", "module": "stream", "function": "unregister_client", "line": 74}
{"message": "Client unregistered: client_57 (total: 42)", "timestamp": "2026-06-27T06:46:25.659371", "level": "INFO", "logger": "web.stream", "module": "stream", "function": "unregister_client", "line": 74}
{"message": "Client unregistered: client_58 (total: 41)", "timestamp": "2026-06-27T06:46:25.659649", "level": "INFO", "logger": "web.stream", "module": "stream", "function": "unregister_client", "line": 74}
{"message": "Client unregistered: client_59 (total: 40)", "timestamp": "2026-06-27T06:46:25.659850", "level": "INFO", "logger": "web.stream", "module": "stream", "function": "unregister_client", "line": 74}
{"message": "Client unregistered: client_60 (total: 39)", "timestamp": "2026-06-27T06:46:25.660045", "level": "INFO", "logger": "web.stream", "module": "stream", "function": "unregister_client", "line": 74}
{"message": "Client unregistered: client_61 (total: 38)", "timestamp": "2026-06-27T06:46:25.660257", "level": "INFO", "logger": "web.stream", "module": "stream", "function": "unregister_client", "line": 74}
{"message": "Client unregistered: client_62 (total: 37)", "timestamp": "2026-06-27T06:46:25.660472", "level": "INFO", "logger": "web.stream", "module": "stream", "function": "unregister_client", "line": 74}
{"message": "Client unregistered: client_63 (total: 36)", "timestamp": "2026-06-27T06:46:25.660681", "level": "INFO", "logger": "web.stream", "module": "stream", "function": "unregister_client", "line": 74}
{"message": "Client unregistered: client_64 (total: 35)", "timestamp": "2026-06-27T06:46:25.660863", "level": "INFO", "logger": "web.stream", "module": "stream", "function": "unregister_client", "line": 74}
{"message": "Client unregistered: client_65 (total: 34)", "timestamp": "2026-06-27T06:46:25.661070", "level": "INFO", "logger": "web.stream", "module": "stream", "function": "unregister_client", "line": 74}
{"message": "Client unregistered: client_66 (total: 33)", "timestamp": "2026-06-27T06:46:25.661315", "level": "INFO", "logger": "web.stream", "module": "stream", "function": "unregister_client", "line": 74}
{"message": "Client unregistered: client_67 (total: 32)", "timestamp": "2026-06-27T06:46:25.661503", "level": "INFO", "logger": "web.stream", "module": "stream", "function": "unregister_client", "line": 74}
{"message": "Client unregistered: client_68 (total: 31)", "timestamp": "2026-06-27T06:46:25.661704", "level": "INFO", "logger": "web.stream", "module": "stream", "function": "unregister_client", "line": 74}
{"message": "Client unregistered: client_69 (total: 30)", "timestamp": "2026-06-27T06:46:25.661941", "level": "INFO", "logger": "web.stream", "module": "stream", "function": "unregister_client", "line": 74}
{"message": "Client unregistered: client_70 (total: 29)", "timestamp": "2026-06-27T06:46:25.662131", "level": "INFO", "logger": "web.stream", "module": "stream", "function": "unregister_client", "line": 74}
{"message": "Client unregistered: client_71 (total: 28)", "timestamp": "2026-06-27T06:46:25.662361", "level": "INFO", "logger": "web.stream", "module": "stream", "function": "unregister_client", "line": 74}
{"message": "Client unregistered: client_72 (total: 27)", "timestamp": "2026-06-27T06:46:25.662562", "level": "INFO", "logger": "web.stream", "module": "stream", "function": "unregister_client", "line": 74}
{"message": "Client unregistered: client_73 (total: 26)", "timestamp": "2026-06-27T06:46:25.663009", "level": "INFO", "logger": "web.stream", "module": "stream", "function": "unregister_client", "line": 74}
{"message": "Client unregistered: client_74 (total: 25)", "timestamp": "2026-06-27T06:46:25.663449", "level": "INFO", "logger": "web.stream", "module": "stream", "function": "unregister_client", "line": 74}
{"message": "Client unregistered: client_75 (total: 24)", "timestamp": "2026-06-27T06:46:25.663817", "level": "INFO", "logger": "web.stream", "module": "stream", "function": "unregister_client", "line": 74}
{"message": "Client unregistered: client_76 (total: 23)", "timestamp": "2026-06-27T06:46:25.664166", "level": "INFO", "logger": "web.stream", "module": "stream", "function": "unregister_client", "line": 74}
{"message": "Client unregistered: client_77 (total: 22)", "timestamp": "2026-06-27T06:46:25.664472", "level": "INFO", "logger": "web.stream", "module": "stream", "function": "unregister_client", "line": 74}
{"message": "Client unregistered: client_78 (total: 21)", "timestamp": "2026-06-27T06:46:25.664796", "level": "INFO", "logger": "web.stream", "module": "stream", "function": "unregister_client", "line": 74}
{"message": "Client unregistered: client_79 (total: 20)", "timestamp": "2026-06-27T06:46:25.665172", "level": "INFO", "logger": "web.stream", "module": "stream", "function": "unregister_client", "line": 74}
{"message": "Client unregistered: client_80 (total: 19)", "timestamp": "2026-06-27T06:46:25.665500", "level": "INFO", "logger": "web.stream", "module": "stream", "function": "unregister_client", "line": 74}
{"message": "Client unregistered: client_81 (total: 18)", "timestamp": "2026-06-27T06:46:25.665799", "level": "INFO", "logger": "web.stream", "module": "stream", "function": "unregister_client", "line": 74}
{"message": "Client unregistered: client_82 (total: 17)", "timestamp": "2026-06-27T06:46:25.666084", "level": "INFO", "logger": "web.stream", "module": "stream", "function": "unregister_client", "line": 74}
{"message": "Client unregistered: client_83 (total: 16)", "timestamp": "2026-06-27T06:46:25.666288", "level": "INFO", "logger": "web.stream", "module": "stream", "function": "unregister_client", "line": 74}
{"message": "Client unregistered: client_84 (total: 15)", "timestamp": "2026-06-27T06:46:25.666558", "level": "INFO", "logger": "web.stream", "module": "stream", "function": "unregister_client", "line": 74}
{"message": "Client unregistered: client_85 (total: 14)", "timestamp": "2026-06-27T06:46:25.666840", "level": "INFO", "logger": "web.stream", "module": "stream", "function": "unregister_client", "line": 74}
{"message": "Client unregistered: client_86 (total: 13)", "timestamp": "2026-06-27T06:46:25.667096", "level": "INFO", "logger": "web.stream", "module": "stream", "function": "unregister_client", "line": 74}
{"message": "Client unregistered: client_87 (total: 12)", "timestamp": "2026-06-27T06:46:25.667325", "level": "INFO", "logger": "web.stream", "module": "stream", "function": "unregister_client", "line": 74}
{"message": "Client unregistered: client_88 (total: 11)", "timestamp": "2026-06-27T06:46:25.667566", "level": "INFO", "logger": "web.stream", "module": "stream", "function": "unregister_client", "line": 74}
{"message": "Client unregistered: client_89 (total: 10)", "timestamp": "2026-06-27T06:46:25.667766", "level": "INFO", "logger": "web.stream", "module": "stream", "function": "unregister_client", "line": 74}
{"message": "Client unregistered: client_90 (total: 9)", "timestamp": "2026-06-27T06:46:25.668093", "level": "INFO", "logger": "web.stream", "module": "stream", "function": "unregister_client", "line": 74}
{"message": "Client unregistered: client_91 (total: 8)", "timestamp": "2026-06-27T06:46:25.668483", "level": "INFO", "logger": "web.stream", "module": "stream", "function": "unregister_client", "line": 74}
{"message": "Client unregistered: client_92 (total: 7)", "timestamp": "2026-06-27T06:46:25.668954", "level": "INFO", "logger": "web.stream", "module": "stream", "function": "unregister_client", "line": 74}
{"message": "Client unregistered: client_93 (total: 6)", "timestamp": "2026-06-27T06:46:25.669312", "level": "INFO", "logger": "web.stream", "module": "stream", "function": "unregister_client", "line": 74}
{"message": "Client unregistered: client_94 (total: 5)", "timestamp": "2026-06-27T06:46:25.669703", "level": "INFO", "logger": "web.stream", "module": "stream", "function": "unregister_client", "line": 74}
{"message": "Client unregistered: client_95 (total: 4)", "timestamp": "2026-06-27T06:46:25.669993", "level": "INFO", "logger": "web.stream", "module": "stream", "function": "unregister_client", "line": 74}
{"message": "Client unregistered: client_96 (total: 3)", "timestamp": "2026-06-27T06:46:25.670597", "level": "INFO", "logger": "web.stream", "module": "stream", "function": "unregister_client", "line": 74}
{"message": "Client unregistered: client_97 (total: 2)", "timestamp": "2026-06-27T06:46:25.670994", "level": "INFO", "logger": "web.stream", "module": "stream", "function": "unregister_client", "line": 74}
{"message": "Client unregistered: client_98 (total: 1)", "timestamp": "2026-06-27T06:46:25.671245", "level": "INFO", "logger": "web.stream", "module": "stream", "function": "unregister_client", "line": 74}
{"message": "Client unregistered: client_99 (total: 0)", "timestamp": "2026-06-27T06:46:25.671500", "level": "INFO", "logger": "web.stream", "module": "stream", "function": "unregister_client", "line": 74}
{"message": "Stream manager initialized (quality: 75, fps: 15)", "timestamp": "2026-06-27T06:47:17.347548", "level": "INFO", "logger": "web.stream", "module": "stream", "function": "__init__", "line": 52}
{"message": "Stream manager initialized (quality: 70, fps: 15)", "timestamp": "2026-06-27T06:47:17.350675", "level": "INFO", "logger": "web.stream", "module": "stream", "function": "__init__", "line": 52}
{"message": "Client registered: client1 (total: 1)", "timestamp": "2026-06-27T06:47:17.350957", "level": "INFO", "logger": "web.stream", "module": "stream", "function": "register_client", "line": 63}
{"message": "Client registered: client2 (total: 2)", "timestamp": "2026-06-27T06:47:17.351183", "level": "INFO", "logger": "web.stream", "module": "stream", "function": "register_client", "line": 63}
{"message": "Stream manager initialized (quality: 70, fps: 15)", "timestamp": "2026-06-27T06:47:17.355186", "level": "INFO", "logger": "web.stream", "module": "stream", "function": "__init__", "line": 52}
{"message": "Client registered: client1 (total: 1)", "timestamp": "2026-06-27T06:47:17.355632", "level": "INFO", "logger": "web.stream", "module": "stream", "function": "register_client", "line": 63}
{"message": "Client registered: client2 (total: 2)", "timestamp": "2026-06-27T06:47:17.356025", "level": "INFO", "logger": "web.stream", "module": "stream", "function": "register_client", "line": 63}
{"message": "Client unregistered: client1 (total: 1)", "timestamp": "2026-06-27T06:47:17.356341", "level": "INFO", "logger": "web.stream", "module": "stream", "function": "unregister_client", "line": 74}
{"message": "Client unregistered: client2 (total: 0)", "timestamp": "2026-06-27T06:47:17.356682", "level": "INFO", "logger": "web.stream", "module": "stream", "function": "unregister_client", "line": 74}
{"message": "Stream manager initialized (quality: 70, fps: 15)", "timestamp": "2026-06-27T06:47:17.360462", "level": "INFO", "logger": "web.stream", "module": "stream", "function": "__init__", "line": 52}
{"message": "Stream manager initialized (quality: 70, fps: 15)", "timestamp": "2026-06-27T06:47:17.364061", "level": "INFO", "logger": "web.stream", "module": "stream", "function": "__init__", "line": 52}
{"message": "Stream manager initialized (quality: 50, fps: 15)", "timestamp": "2026-06-27T06:47:17.372251", "level": "INFO", "logger": "web.stream", "module": "stream", "function": "__init__", "line": 52}
{"message": "Stream quality changed to 90", "timestamp": "2026-06-27T06:47:17.372580", "level": "INFO", "logger": "web.stream", "module": "stream", "function": "set_quality", "line": 149}
{"message": "Invalid quality value: 150", "timestamp": "2026-06-27T06:47:17.372888", "level": "WARNING", "logger": "web.stream", "module": "stream", "function": "set_quality", "line": 151}
{"message": "Stream manager initialized (quality: 70, fps: 15)", "timestamp": "2026-06-27T06:47:17.375686", "level": "INFO", "logger": "web.stream", "module": "stream", "function": "__init__", "line": 52}
{"message": "Stream FPS changed to 30", "timestamp": "2026-06-27T06:47:17.375953", "level": "INFO", "logger": "web.stream", "module": "stream", "function": "set_fps", "line": 163}
{"message": "Stream manager initialized (quality: 70, fps: 15)", "timestamp": "2026-06-27T06:47:17.378926", "level": "INFO", "logger": "web.stream", "module": "stream", "function": "__init__", "line": 52}
{"message": "Client registered: client1 (total: 1)", "timestamp": "2026-06-27T06:47:17.379291", "level": "INFO", "logger": "web.stream", "module": "stream", "function": "register_client", "line": 63}
{"message": "Stream manager initialized (quality: 70, fps: 15)", "timestamp": "2026-06-27T06:47:18.681156", "level": "INFO", "logger": "web.stream", "module": "stream", "function": "__init__", "line": 52}
{"message": "Stream manager initialized (quality: 70, fps: 15)", "timestamp": "2026-06-27T06:47:19.038649", "level": "INFO", "logger": "web.stream", "module": "stream", "function": "__init__", "line": 52}
{"message": "Client registered: client_0 (total: 1)", "timestamp": "2026-06-27T06:47:19.039164", "level": "INFO", "logger": "web.stream", "module": "stream", "function": "register_client", "line": 63}
{"message": "Client registered: client_1 (total: 2)", "timestamp": "2026-06-27T06:47:19.039432", "level": "INFO", "logger": "web.stream", "module": "stream", "function": "register_client", "line": 63}
{"message": "Client registered: client_2 (total: 3)", "timestamp": "2026-06-27T06:47:19.039668", "level": "INFO", "logger": "web.stream", "module": "stream", "function": "register_client", "line": 63}
{"message": "Client registered: client_3 (total: 4)", "timestamp": "2026-06-27T06:47:19.039890", "level": "INFO", "logger": "web.stream", "module": "stream", "function": "register_client", "line": 63}
{"message": "Client registered: client_4 (total: 5)", "timestamp": "2026-06-27T06:47:19.040089", "level": "INFO", "logger": "web.stream", "module": "stream", "function": "register_client", "line": 63}
{"message": "Client registered: client_5 (total: 6)", "timestamp": "2026-06-27T06:47:19.040322", "level": "INFO", "logger": "web.stream", "module": "stream", "function": "register_client", "line": 63}
{"message": "Client registered: client_6 (total: 7)", "timestamp": "2026-06-27T06:47:19.040518", "level": "INFO", "logger": "web.stream", "module": "stream", "function": "register_client", "line": 63}
{"message": "Client registered: client_7 (total: 8)", "timestamp": "2026-06-27T06:47:19.041371", "level": "INFO", "logger": "web.stream", "module": "stream", "function": "register_client", "line": 63}
{"message": "Client registered: client_8 (total: 9)", "timestamp": "2026-06-27T06:47:19.041569", "level": "INFO", "logger": "web.stream", "module": "stream", "function": "register_client", "line": 63}
{"message": "Client registered: client_9 (total: 10)", "timestamp": "2026-06-27T06:47:19.041797", "level": "INFO", "logger": "web.stream", "module": "stream", "function": "register_client", "line": 63}
{"message": "Client registered: client_10 (total: 11)", "timestamp": "2026-06-27T06:47:19.041997", "level": "INFO", "logger": "web.stream", "module": "stream", "function": "register_client", "line": 63}
{"message": "Client registered: client_11 (total: 12)", "timestamp": "2026-06-27T06:47:19.042184", "level": "INFO", "logger": "web.stream", "module": "stream", "function": "register_client", "line": 63}
{"message": "Client registered: client_12 (total: 13)", "timestamp": "2026-06-27T06:47:19.042455", "level": "INFO", "logger": "web.stream", "module": "stream", "function": "register_client", "line": 63}
{"message": "Client registered: client_13 (total: 14)", "timestamp": "2026-06-27T06:47:19.042789", "level": "INFO", "logger": "web.stream", "module": "stream", "function": "register_client", "line": 63}
{"message": "Client registered: client_14 (total: 15)", "timestamp": "2026-06-27T06:47:19.043011", "level": "INFO", "logger": "web.stream", "module": "stream", "function": "register_client", "line": 63}
{"message": "Client registered: client_15 (total: 16)", "timestamp": "2026-06-27T06:47:19.043290", "level": "INFO", "logger": "web.stream", "module": "stream", "function": "register_client", "line": 63}
{"message": "Client registered: client_16 (total: 17)", "timestamp": "2026-06-27T06:47:19.043502", "level": "INFO", "logger": "web.stream", "module": "stream", "function": "register_client", "line": 63}
{"message": "Client registered: client_17 (total: 18)", "timestamp": "2026-06-27T06:47:19.043693", "level": "INFO", "logger": "web.stream", "module": "stream", "function": "register_client", "line": 63}
{"message": "Client registered: client_18 (total: 19)", "timestamp": "2026-06-27T06:47:19.043903", "level": "INFO", "logger": "web.stream", "module": "stream", "function": "register_client", "line": 63}
{"message": "Client registered: client_19 (total: 20)", "timestamp": "2026-06-27T06:47:19.044096", "level": "INFO", "logger": "web.stream", "module": "stream", "function": "register_client", "line": 63}
{"message": "Client registered: client_20 (total: 21)", "timestamp": "2026-06-27T06:47:19.044421", "level": "INFO", "logger": "web.stream", "module": "stream", "function": "register_client", "line": 63}
{"message": "Client registered: client_21 (total: 22)", "timestamp": "2026-06-27T06:47:19.044660", "level": "INFO", "logger": "web.stream", "module": "stream", "function": "register_client", "line": 63}
{"message": "Client registered: client_22 (total: 23)", "timestamp": "2026-06-27T06:47:19.044947", "level": "INFO", "logger": "web.stream", "module": "stream", "function": "register_client", "line": 63}
{"message": "Client registered: client_23 (total: 24)", "timestamp": "2026-06-27T06:47:19.045407", "level": "INFO", "logger": "web.stream", "module": "stream", "function": "register_client", "line": 63}
{"message": "Client registered: client_24 (total: 25)", "timestamp": "2026-06-27T06:47:19.045766", "level": "INFO", "logger": "web.stream", "module": "stream", "function": "register_client", "line": 63}
{"message": "Client registered: client_25 (total: 26)", "timestamp": "2026-06-27T06:47:19.046000", "level": "INFO", "logger": "web.stream", "module": "stream", "function": "register_client", "line": 63}
{"message": "Client registered: client_26 (total: 27)", "timestamp": "2026-06-27T06:47:19.046197", "level": "INFO", "logger": "web.stream", "module": "stream", "function": "register_client", "line": 63}
{"message": "Client registered: client_27 (total: 28)", "timestamp": "2026-06-27T06:47:19.046433", "level": "INFO", "logger": "web.stream", "module": "stream", "function": "register_client", "line": 63}
{"message": "Client registered: client_28 (total: 29)", "timestamp": "2026-06-27T06:47:19.046627", "level": "INFO", "logger": "web.stream", "module": "stream", "function": "register_client", "line": 63}
{"message": "Client registered: client_29 (total: 30)", "timestamp": "2026-06-27T06:47:19.046881", "level": "INFO", "logger": "web.stream", "module": "stream", "function": "register_client", "line": 63}
{"message": "Client registered: client_30 (total: 31)", "timestamp": "2026-06-27T06:47:19.047077", "level": "INFO", "logger": "web.stream", "module": "stream", "function": "register_client", "line": 63}
{"message": "Client registered: client_31 (total: 32)", "timestamp": "2026-06-27T06:47:19.047318", "level": "INFO", "logger": "web.stream", "module": "stream", "function": "register_client", "line": 63}
{"message": "Client registered: client_32 (total: 33)", "timestamp": "2026-06-27T06:47:19.047527", "level": "INFO", "logger": "web.stream", "module": "stream", "function": "register_client", "line": 63}
{"message": "Client registered: client_33 (total: 34)", "timestamp": "2026-06-27T06:47:19.047709", "level": "INFO", "logger": "web.stream", "module": "stream", "function": "register_client", "line": 63}
{"message": "Client registered: client_34 (total: 35)", "timestamp": "2026-06-27T06:47:19.047927", "level": "INFO", "logger": "web.stream", "module": "stream", "function": "register_client", "line": 63}
{"message": "Client registered: client_35 (total: 36)", "timestamp": "2026-06-27T06:47:19.048113", "level": "INFO", "logger": "web.stream", "module": "stream", "function": "register_client", "line": 63}
{"message": "Client registered: client_36 (total: 37)", "timestamp": "2026-06-27T06:47:19.048298", "level": "INFO", "logger": "web.stream", "module": "stream", "function": "register_client", "line": 63}
{"message": "Client registered: client_37 (total: 38)", "timestamp": "2026-06-27T06:47:19.048480", "level": "INFO", "logger": "web.stream", "module": "stream", "function": "register_client", "line": 63}
{"message": "Client registered: client_38 (total: 39)", "timestamp": "2026-06-27T06:47:19.048670", "level": "INFO", "logger": "web.stream", "module": "stream", "function": "register_client", "line": 63}
{"message": "Client registered: client_39 (total: 40)", "timestamp": "2026-06-27T06:47:19.048857", "level": "INFO", "logger": "web.stream", "module": "stream", "function": "register_client", "line": 63}
{"message": "Client registered: client_40 (total: 41)", "timestamp": "2026-06-27T06:47:19.049090", "level": "INFO", "logger": "web.stream", "module": "stream", "function": "register_client", "line": 63}
{"message": "Client registered: client_41 (total: 42)", "timestamp": "2026-06-27T06:47:19.049384", "level": "INFO", "logger": "web.stream", "module": "stream", "function": "register_client", "line": 63}
{"message": "Client registered: client_42 (total: 43)", "timestamp": "2026-06-27T06:47:19.049610", "level": "INFO", "logger": "web.stream", "module": "stream", "function": "register_client", "line": 63}
{"message": "Client registered: client_43 (total: 44)", "timestamp": "2026-06-27T06:47:19.049793", "level": "INFO", "logger": "web.stream", "module": "stream", "function": "register_client", "line": 63}
{"message": "Client registered: client_44 (total: 45)", "timestamp": "2026-06-27T06:47:19.049976", "level": "INFO", "logger": "web.stream", "module": "stream", "function": "register_client", "line": 63}
{"message": "Client registered: client_45 (total: 46)", "timestamp": "2026-06-27T06:47:19.050153", "level": "INFO", "logger": "web.stream", "module": "stream", "function": "register_client", "line": 63}
{"message": "Client registered: client_46 (total: 47)", "timestamp": "2026-06-27T06:47:19.050365", "level": "INFO", "logger": "web.stream", "module": "stream", "function": "register_client", "line": 63}
{"message": "Client registered: client_47 (total: 48)", "timestamp": "2026-06-27T06:47:19.050779", "level": "INFO", "logger": "web.stream", "module": "stream", "function": "register_client", "line": 63}
{"message": "Client registered: client_48 (total: 49)", "timestamp": "2026-06-27T06:47:19.051051", "level": "INFO", "logger": "web.stream", "module": "stream", "function": "register_client", "line": 63}
{"message": "Client registered: client_49 (total: 50)", "timestamp": "2026-06-27T06:47:19.051300", "level": "INFO", "logger": "web.stream", "module": "stream", "function": "register_client", "line": 63}
{"message": "Client registered: client_50 (total: 51)", "timestamp": "2026-06-27T06:47:19.051521", "level": "INFO", "logger": "web.stream", "module": "stream", "function": "register_client", "line": 63}
{"message": "Client registered: client_51 (total: 52)", "timestamp": "2026-06-27T06:47:19.051773", "level": "INFO", "logger": "web.stream", "module": "stream", "function": "register_client", "line": 63}
{"message": "Client registered: client_52 (total: 53)", "timestamp": "2026-06-27T06:47:19.052049", "level": "INFO", "logger": "web.stream", "module": "stream", "function": "register_client", "line": 63}
{"message": "Client registered: client_53 (total: 54)", "timestamp": "2026-06-27T06:47:19.052236", "level": "INFO", "logger": "web.stream", "module": "stream", "function": "register_client", "line": 63}
{"message": "Client registered: client_54 (total: 55)", "timestamp": "2026-06-27T06:47:19.052430", "level": "INFO", "logger": "web.stream", "module": "stream", "function": "register_client", "line": 63}
{"message": "Client registered: client_55 (total: 56)", "timestamp": "2026-06-27T06:47:19.052614", "level": "INFO", "logger": "web.stream", "module": "stream", "function": "register_client", "line": 63}
{"message": "Client registered: client_56 (total: 57)", "timestamp": "2026-06-27T06:47:19.052797", "level": "INFO", "logger": "web.stream", "module": "stream", "function": "register_client", "line": 63}
{"message": "Client registered: client_57 (total: 58)", "timestamp": "2026-06-27T06:47:19.052994", "level": "INFO", "logger": "web.stream", "module": "stream", "function": "register_client", "line": 63}
{"message": "Client registered: client_58 (total: 59)", "timestamp": "2026-06-27T06:47:19.053201", "level": "INFO", "logger": "web.stream", "module": "stream", "function": "register_client", "line": 63}
{"message": "Client registered: client_59 (total: 60)", "timestamp": "2026-06-27T06:47:19.053409", "level": "INFO", "logger": "web.stream", "module": "stream", "function": "register_client", "line": 63}
{"message": "Client registered: client_60 (total: 61)", "timestamp": "2026-06-27T06:47:19.053597", "level": "INFO", "logger": "web.stream", "module": "stream", "function": "register_client", "line": 63}
{"message": "Client registered: client_61 (total: 62)", "timestamp": "2026-06-27T06:47:19.053784", "level": "INFO", "logger": "web.stream", "module": "stream", "function": "register_client", "line": 63}
{"message": "Client registered: client_62 (total: 63)", "timestamp": "2026-06-27T06:47:19.053964", "level": "INFO", "logger": "web.stream", "module": "stream", "function": "register_client", "line": 63}
{"message": "Client registered: client_63 (total: 64)", "timestamp": "2026-06-27T06:47:19.054143", "level": "INFO", "logger": "web.stream", "module": "stream", "function": "register_client", "line": 63}
{"message": "Client registered: client_64 (total: 65)", "timestamp": "2026-06-27T06:47:19.054327", "level": "INFO", "logger": "web.stream", "module": "stream", "function": "register_client", "line": 63}
{"message": "Client registered: client_65 (total: 66)", "timestamp": "2026-06-27T06:47:19.054506", "level": "INFO", "logger": "web.stream", "module": "stream", "function": "register_client", "line": 63}
{"message": "Client registered: client_66 (total: 67)", "timestamp": "2026-06-27T06:47:19.054685", "level": "INFO", "logger": "web.stream", "module": "stream", "function": "register_client", "line": 63}
{"message": "Client registered: client_67 (total: 68)", "timestamp": "2026-06-27T06:47:19.054868", "level": "INFO", "logger": "web.stream", "module": "stream", "function": "register_client", "line": 63}
{"message": "Client registered: client_68 (total: 69)", "timestamp": "2026-06-27T06:47:19.055056", "level": "INFO", "logger": "web.stream", "module": "stream", "function": "register_client", "line": 63}
{"message": "Client registered: client_69 (total: 70)", "timestamp": "2026-06-27T06:47:19.055237", "level": "INFO", "logger": "web.stream", "module": "stream", "function": "register_client", "line": 63}
{"message": "Client registered: client_70 (total: 71)", "timestamp": "2026-06-27T06:47:19.055495", "level": "INFO", "logger": "web.stream", "module": "stream", "function": "register_client", "line": 63}
{"message": "Client registered: client_71 (total: 72)", "timestamp": "2026-06-27T06:47:19.055674", "level": "INFO", "logger": "web.stream", "module": "stream", "function": "register_client", "line": 63}
{"message": "Client registered: client_72 (total: 73)", "timestamp": "2026-06-27T06:47:19.055913", "level": "INFO", "logger": "web.stream", "module": "stream", "function": "register_client", "line": 63}
{"message": "Client registered: client_73 (total: 74)", "timestamp": "2026-06-27T06:47:19.056109", "level": "INFO", "logger": "web.stream", "module": "stream", "function": "register_client", "line": 63}
{"message": "Client registered: client_74 (total: 75)", "timestamp": "2026-06-27T06:47:19.056320", "level": "INFO", "logger": "web.stream", "module": "stream", "function": "register_client", "line": 63}
{"message": "Client registered: client_75 (total: 76)", "timestamp": "2026-06-27T06:47:19.056523", "level": "INFO", "logger": "web.stream", "module": "stream", "function": "register_client", "line": 63}
{"message": "Client registered: client_76 (total: 77)", "timestamp": "2026-06-27T06:47:19.056712", "level": "INFO", "logger": "web.stream", "module": "stream", "function": "register_client", "line": 63}
{"message": "Client registered: client_77 (total: 78)", "timestamp": "2026-06-27T06:47:19.056892", "level": "INFO", "logger": "web.stream", "module": "stream", "function": "register_client", "line": 63}
{"message": "Client registered: client_78 (total: 79)", "timestamp": "2026-06-27T06:47:19.057071", "level": "INFO", "logger": "web.stream", "module": "stream", "function": "register_client", "line": 63}
{"message": "Client registered: client_79 (total: 80)", "timestamp": "2026-06-27T06:47:19.057257", "level": "INFO", "logger": "web.stream", "module": "stream", "function": "register_client", "line": 63}
{"message": "Client registered: client_80 (total: 81)", "timestamp": "2026-06-27T06:47:19.057465", "level": "INFO", "logger": "web.stream", "module": "stream", "function": "register_client", "line": 63}
{"message": "Client registered: client_81 (total: 82)", "timestamp": "2026-06-27T06:47:19.057751", "level": "INFO", "logger": "web.stream", "module": "stream", "function": "register_client", "line": 63}
{"message": "Client registered: client_82 (total: 83)", "timestamp": "2026-06-27T06:47:19.057947", "level": "INFO", "logger": "web.stream", "module": "stream", "function": "register_client", "line": 63}
{"message": "Client registered: client_83 (total: 84)", "timestamp": "2026-06-27T06:47:19.058131", "level": "INFO", "logger": "web.stream", "module": "stream", "function": "register_client", "line": 63}
{"message": "Client registered: client_84 (total: 85)", "timestamp": "2026-06-27T06:47:19.058309", "level": "INFO", "logger": "web.stream", "module": "stream", "function": "register_client", "line": 63}
{"message": "Client registered: client_85 (total: 86)", "timestamp": "2026-06-27T06:47:19.058488", "level": "INFO", "logger": "web.stream", "module": "stream", "function": "register_client", "line": 63}
{"message": "Client registered: client_86 (total: 87)", "timestamp": "2026-06-27T06:47:19.058669", "level": "INFO", "logger": "web.stream", "module": "stream", "function": "register_client", "line": 63}
{"message": "Client registered: client_87 (total: 88)", "timestamp": "2026-06-27T06:47:19.058848", "level": "INFO", "logger": "web.stream", "module": "stream", "function": "register_client", "line": 63}
{"message": "Client registered: client_88 (total: 89)", "timestamp": "2026-06-27T06:47:19.059146", "level": "INFO", "logger": "web.stream", "module": "stream", "function": "register_client", "line": 63}
{"message": "Client registered: client_89 (total: 90)", "timestamp": "2026-06-27T06:47:19.059563", "level": "INFO", "logger": "web.stream", "module": "stream", "function": "register_client", "line": 63}
{"message": "Client registered: client_90 (total: 91)", "timestamp": "2026-06-27T06:47:19.059818", "level": "INFO", "logger": "web.stream", "module": "stream", "function": "register_client", "line": 63}
{"message": "Client registered: client_91 (total: 92)", "timestamp": "2026-06-27T06:47:19.060039", "level": "INFO", "logger": "web.stream", "module": "stream", "function": "register_client", "line": 63}
{"message": "Client registered: client_92 (total: 93)", "timestamp": "2026-06-27T06:47:19.060272", "level": "INFO", "logger": "web.stream", "module": "stream", "function": "register_client", "line": 63}
{"message": "Client registered: client_93 (total: 94)", "timestamp": "2026-06-27T06:47:19.060533", "level": "INFO", "logger": "web.stream", "module": "stream", "function": "register_client", "line": 63}
{"message": "Client registered: client_94 (total: 95)", "timestamp": "2026-06-27T06:47:19.060716", "level": "INFO", "logger": "web.stream", "module": "stream", "function": "register_client", "line": 63}
{"message": "Client registered: client_95 (total: 96)", "timestamp": "2026-06-27T06:47:19.060933", "level": "INFO", "logger": "web.stream", "module": "stream", "function": "register_client", "line": 63}
{"message": "Client registered: client_96 (total: 97)", "timestamp": "2026-06-27T06:47:19.061168", "level": "INFO", "logger": "web.stream", "module": "stream", "function": "register_client", "line": 63}
{"message": "Client registered: client_97 (total: 98)", "timestamp": "2026-06-27T06:47:19.061414", "level": "INFO", "logger": "web.stream", "module": "stream", "function": "register_client", "line": 63}
{"message": "Client registered: client_98 (total: 99)", "timestamp": "2026-06-27T06:47:19.061640", "level": "INFO", "logger": "web.stream", "module": "stream", "function": "register_client", "line": 63}
{"message": "Client registered: client_99 (total: 100)", "timestamp": "2026-06-27T06:47:19.061858", "level": "INFO", "logger": "web.stream", "module": "stream", "function": "register_client", "line": 63}
{"message": "Client unregistered: client_0 (total: 99)", "timestamp": "2026-06-27T06:47:19.062108", "level": "INFO", "logger": "web.stream", "module": "stream", "function": "unregister_client", "line": 74}
{"message": "Client unregistered: client_1 (total: 98)", "timestamp": "2026-06-27T06:47:19.062375", "level": "INFO", "logger": "web.stream", "module": "stream", "function": "unregister_client", "line": 74}
{"message": "Client unregistered: client_2 (total: 97)", "timestamp": "2026-06-27T06:47:19.062625", "level": "INFO", "logger": "web.stream", "module": "stream", "function": "unregister_client", "line": 74}
{"message": "Client unregistered: client_3 (total: 96)", "timestamp": "2026-06-27T06:47:19.062837", "level": "INFO", "logger": "web.stream", "module": "stream", "function": "unregister_client", "line": 74}
{"message": "Client unregistered: client_4 (total: 95)", "timestamp": "2026-06-27T06:47:19.063061", "level": "INFO", "logger": "web.stream", "module": "stream", "function": "unregister_client", "line": 74}
{"message": "Client unregistered: client_5 (total: 94)", "timestamp": "2026-06-27T06:47:19.063274", "level": "INFO", "logger": "web.stream", "module": "stream", "function": "unregister_client", "line": 74}
{"message": "Client unregistered: client_6 (total: 93)", "timestamp": "2026-06-27T06:47:19.063502", "level": "INFO", "logger": "web.stream", "module": "stream", "function": "unregister_client", "line": 74}
{"message": "Client unregistered: client_7 (total: 92)", "timestamp": "2026-06-27T06:47:19.063737", "level": "INFO", "logger": "web.stream", "module": "stream", "function": "unregister_client", "line": 74}
{"message": "Client unregistered: client_8 (total: 91)", "timestamp": "2026-06-27T06:47:19.063955", "level": "INFO", "logger": "web.stream", "module": "stream", "function": "unregister_client", "line": 74}
{"message": "Client unregistered: client_9 (total: 90)", "timestamp": "2026-06-27T06:47:19.064143", "level": "INFO", "logger": "web.stream", "module": "stream", "function": "unregister_client", "line": 74}
{"message": "Client unregistered: client_10 (total: 89)", "timestamp": "2026-06-27T06:47:19.064359", "level": "INFO", "logger": "web.stream", "module": "stream", "function": "unregister_client", "line": 74}
{"message": "Client unregistered: client_11 (total: 88)", "timestamp": "2026-06-27T06:47:19.064584", "level": "INFO", "logger": "web.stream", "module": "stream", "function": "unregister_client", "line": 74}
{"message": "Client unregistered: client_12 (total: 87)", "timestamp": "2026-06-27T06:47:19.064804", "level": "INFO", "logger": "web.stream", "module": "stream", "function": "unregister_client", "line": 74}
{"message": "Client unregistered: client_13 (total: 86)", "timestamp": "2026-06-27T06:47:19.065023", "level": "INFO", "logger": "web.stream", "module": "stream", "function": "unregister_client", "line": 74}
{"message": "Client unregistered: client_14 (total: 85)", "timestamp": "2026-06-27T06:47:19.065239", "level": "INFO", "logger": "web.stream", "module": "stream", "function": "unregister_client", "line": 74}
{"message": "Client unregistered: client_15 (total: 84)", "timestamp": "2026-06-27T06:47:19.065455", "level": "INFO", "logger": "web.stream", "module": "stream", "function": "unregister_client", "line": 74}
{"message": "Client unregistered: client_16 (total: 83)", "timestamp": "2026-06-27T06:47:19.065670", "level": "INFO", "logger": "web.stream", "module": "stream", "function": "unregister_client", "line": 74}
{"message": "Client unregistered: client_17 (total: 82)", "timestamp": "2026-06-27T06:47:19.065964", "level": "INFO", "logger": "web.stream", "module": "stream", "function": "unregister_client", "line": 74}
{"message": "Client unregistered: client_18 (total: 81)", "timestamp": "2026-06-27T06:47:19.066172", "level": "INFO", "logger": "web.stream", "module": "stream", "function": "unregister_client", "line": 74}
{"message": "Client unregistered: client_19 (total: 80)", "timestamp": "2026-06-27T06:47:19.066521", "level": "INFO", "logger": "web.stream", "module": "stream", "function": "unregister_client", "line": 74}
{"message": "Client unregistered: client_20 (total: 79)", "timestamp": "2026-06-27T06:47:19.066880", "level": "INFO", "logger": "web.stream", "module": "stream", "function": "unregister_client", "line": 74}
{"message": "Client unregistered: client_21 (total: 78)", "timestamp": "2026-06-27T06:47:19.067120", "level": "INFO", "logger": "web.stream", "module": "stream", "function": "unregister_client", "line": 74}
{"message": "Client unregistered: client_22 (total: 77)", "timestamp": "2026-06-27T06:47:19.067311", "level": "INFO", "logger": "web.stream", "module": "stream", "function": "unregister_client", "line": 74}
{"message": "Client unregistered: client_23 (total: 76)", "timestamp": "2026-06-27T06:47:19.067516", "level": "INFO", "logger": "web.stream", "module": "stream", "function": "unregister_client", "line": 74}
{"message": "Client unregistered: client_24 (total: 75)", "timestamp": "2026-06-27T06:47:19.067704", "level": "INFO", "logger": "web.stream", "module": "stream", "function": "unregister_client", "line": 74}
{"message": "Client unregistered: client_25 (total: 74)", "timestamp": "2026-06-27T06:47:19.067884", "level": "INFO", "logger": "web.stream", "module": "stream", "function": "unregister_client", "line": 74}
{"message": "Client unregistered: client_26 (total: 73)", "timestamp": "2026-06-27T06:47:19.068089", "level": "INFO", "logger": "web.stream", "module": "stream", "function": "unregister_client", "line": 74}
{"message": "Client unregistered: client_27 (total: 72)", "timestamp": "2026-06-27T06:47:19.068286", "level": "INFO", "logger": "web.stream", "module": "stream", "function": "unregister_client", "line": 74}
{"message": "Client unregistered: client_28 (total: 71)", "timestamp": "2026-06-27T06:47:19.068529", "level": "INFO", "logger": "web.stream", "module": "stream", "function": "unregister_client", "line": 74}
{"message": "Client unregistered: client_29 (total: 70)", "timestamp": "2026-06-27T06:47:19.068711", "level": "INFO", "logger": "web.stream", "module": "stream", "function": "unregister_client", "line": 74}
{"message": "Client unregistered: client_30 (total: 69)", "timestamp": "2026-06-27T06:47:19.068896", "level": "INFO", "logger": "web.stream", "module": "stream", "function": "unregister_client", "line": 74}
{"message": "Client unregistered: client_31 (total: 68)", "timestamp": "2026-06-27T06:47:19.069085", "level": "INFO", "logger": "web.stream", "module": "stream", "function": "unregister_client", "line": 74}
{"message": "Client unregistered: client_32 (total: 67)", "timestamp": "2026-06-27T06:47:19.069277", "level": "INFO", "logger": "web.stream", "module": "stream", "function": "unregister_client", "line": 74}
{"message": "Client unregistered: client_33 (total: 66)", "timestamp": "2026-06-27T06:47:19.069481", "level": "INFO", "logger": "web.stream", "module": "stream", "function": "unregister_client", "line": 74}
{"message": "Client unregistered: client_34 (total: 65)", "timestamp": "2026-06-27T06:47:19.069708", "level": "INFO", "logger": "web.stream", "module": "stream", "function": "unregister_client", "line": 74}
{"message": "Client unregistered: client_35 (total: 64)", "timestamp": "2026-06-27T06:47:19.069930", "level": "INFO", "logger": "web.stream", "module": "stream", "function": "unregister_client", "line": 74}
{"message": "Client unregistered: client_36 (total: 63)", "timestamp": "2026-06-27T06:47:19.070111", "level": "INFO", "logger": "web.stream", "module": "stream", "function": "unregister_client", "line": 74}
{"message": "Client unregistered: client_37 (total: 62)", "timestamp": "2026-06-27T06:47:19.070293", "level": "INFO", "logger": "web.stream", "module": "stream", "function": "unregister_client", "line": 74}
{"message": "Client unregistered: client_38 (total: 61)", "timestamp": "2026-06-27T06:47:19.070543", "level": "INFO", "logger": "web.stream", "module": "stream", "function": "unregister_client", "line": 74}
{"message": "Client unregistered: client_39 (total: 60)", "timestamp": "2026-06-27T06:47:19.070830", "level": "INFO", "logger": "web.stream", "module": "stream", "function": "unregister_client", "line": 74}
{"message": "Client unregistered: client_40 (total: 59)", "timestamp": "2026-06-27T06:47:19.071042", "level": "INFO", "logger": "web.stream", "module": "stream", "function": "unregister_client", "line": 74}
{"message": "Client unregistered: client_41 (total: 58)", "timestamp": "2026-06-27T06:47:19.071258", "level": "INFO", "logger": "web.stream", "module": "stream", "function": "unregister_client", "line": 74}
{"message": "Client unregistered: client_42 (total: 57)", "timestamp": "2026-06-27T06:47:19.071486", "level": "INFO", "logger": "web.stream", "module": "stream", "function": "unregister_client", "line": 74}
{"message": "Client unregistered: client_43 (total: 56)", "timestamp": "2026-06-27T06:47:19.071737", "level": "INFO", "logger": "web.stream", "module": "stream", "function": "unregister_client", "line": 74}
{"message": "Client unregistered: client_44 (total: 55)", "timestamp": "2026-06-27T06:47:19.071919", "level": "INFO", "logger": "web.stream", "module": "stream", "function": "unregister_client", "line": 74}
{"message": "Client unregistered: client_45 (total: 54)", "timestamp": "2026-06-27T06:47:19.072130", "level": "INFO", "logger": "web.stream", "module": "stream", "function": "unregister_client", "line": 74}
{"message": "Client unregistered: client_46 (total: 53)", "timestamp": "2026-06-27T06:47:19.072312", "level": "INFO", "logger": "web.stream", "module": "stream", "function": "unregister_client", "line": 74}
{"message": "Client unregistered: client_47 (total: 52)", "timestamp": "2026-06-27T06:47:19.072589", "level": "INFO", "logger": "web.stream", "module": "stream", "function": "unregister_client", "line": 74}
{"message": "Client unregistered: client_48 (total: 51)", "timestamp": "2026-06-27T06:47:19.072966", "level": "INFO", "logger": "web.stream", "module": "stream", "function": "unregister_client", "line": 74}
{"message": "Client unregistered: client_49 (total: 50)", "timestamp": "2026-06-27T06:47:19.073251", "level": "INFO", "logger": "web.stream", "module": "stream", "function": "unregister_client", "line": 74}
{"message": "Client unregistered: client_50 (total: 49)", "timestamp": "2026-06-27T06:47:19.073492", "level": "INFO", "logger": "web.stream", "module": "stream", "function": "unregister_client", "line": 74}
{"message": "Client unregistered: client_51 (total: 48)", "timestamp": "2026-06-27T06:47:19.073684", "level": "INFO", "logger": "web.stream", "module": "stream", "function": "unregister_client", "line": 74}
{"message": "Client unregistered: client_52 (total: 47)", "timestamp": "2026-06-27T06:47:19.073893", "level": "INFO", "logger": "web.stream", "module": "stream", "function": "unregister_client", "line": 74}
{"message": "Client unregistered: client_53 (total: 46)", "timestamp": "2026-06-27T06:47:19.074150", "level": "INFO", "logger": "web.stream", "module": "stream", "function": "unregister_client", "line": 74}
{"message": "Client unregistered: client_54 (total: 45)", "timestamp": "2026-06-27T06:47:19.074530", "level": "INFO", "logger": "web.stream", "module": "stream", "function": "unregister_client", "line": 74}
{"message": "Client unregistered: client_55 (total: 44)", "timestamp": "2026-06-27T06:47:19.074860", "level": "INFO", "logger": "web.stream", "module": "stream", "function": "unregister_client", "line": 74}
{"message": "Client unregistered: client_56 (total: 43)", "timestamp": "2026-06-27T06:47:19.075134", "level": "INFO", "logger": "web.stream", "module": "stream", "function": "unregister_client", "line": 74}
{"message": "Client unregistered: client_57 (total: 42)", "timestamp": "2026-06-27T06:47:19.075341", "level": "INFO", "logger": "web.stream", "module": "stream", "function": "unregister_client", "line": 74}
{"message": "Client unregistered: client_58 (total: 41)", "timestamp": "2026-06-27T06:47:19.075553", "level": "INFO", "logger": "web.stream", "module": "stream", "function": "unregister_client", "line": 74}
{"message": "Client unregistered: client_59 (total: 40)", "timestamp": "2026-06-27T06:47:19.075749", "level": "INFO", "logger": "web.stream", "module": "stream", "function": "unregister_client", "line": 74}
{"message": "Client unregistered: client_60 (total: 39)", "timestamp": "2026-06-27T06:47:19.076049", "level": "INFO", "logger": "web.stream", "module": "stream", "function": "unregister_client", "line": 74}
{"message": "Client unregistered: client_61 (total: 38)", "timestamp": "2026-06-27T06:47:19.076246", "level": "INFO", "logger": "web.stream", "module": "stream", "function": "unregister_client", "line": 74}
{"message": "Client unregistered: client_62 (total: 37)", "timestamp": "2026-06-27T06:47:19.076431", "level": "INFO", "logger": "web.stream", "module": "stream", "function": "unregister_client", "line": 74}
{"message": "Client unregistered: client_63 (total: 36)", "timestamp": "2026-06-27T06:47:19.076643", "level": "INFO", "logger": "web.stream", "module": "stream", "function": "unregister_client", "line": 74}
{"message": "Client unregistered: client_64 (total: 35)", "timestamp": "2026-06-27T06:47:19.076826", "level": "INFO", "logger": "web.stream", "module": "stream", "function": "unregister_client", "line": 74}
{"message": "Client unregistered: client_65 (total: 34)", "timestamp": "2026-06-27T06:47:19.077014", "level": "INFO", "logger": "web.stream", "module": "stream", "function": "unregister_client", "line": 74}
{"message": "Client unregistered: client_66 (total: 33)", "timestamp": "2026-06-27T06:47:19.077367", "level": "INFO", "logger": "web.stream", "module": "stream", "function": "unregister_client", "line": 74}
{"message": "Client unregistered: client_67 (total: 32)", "timestamp": "2026-06-27T06:47:19.077609", "level": "INFO", "logger": "web.stream", "module": "stream", "function": "unregister_client", "line": 74}
{"message": "Client unregistered: client_68 (total: 31)", "timestamp": "2026-06-27T06:47:19.077812", "level": "INFO", "logger": "web.stream", "module": "stream", "function": "unregister_client", "line": 74}
{"message": "Client unregistered: client_69 (total: 30)", "timestamp": "2026-06-27T06:47:19.078003", "level": "INFO", "logger": "web.stream", "module": "stream", "function": "unregister_client", "line": 74}
{"message": "Client unregistered: client_70 (total: 29)", "timestamp": "2026-06-27T06:47:19.078183", "level": "INFO", "logger": "web.stream", "module": "stream", "function": "unregister_client", "line": 74}
{"message": "Client unregistered: client_71 (total: 28)", "timestamp": "2026-06-27T06:47:19.078489", "level": "INFO", "logger": "web.stream", "module": "stream", "function": "unregister_client", "line": 74}
{"message": "Client unregistered: client_72 (total: 27)", "timestamp": "2026-06-27T06:47:19.078757", "level": "INFO", "logger": "web.stream", "module": "stream", "function": "unregister_client", "line": 74}
{"message": "Client unregistered: client_73 (total: 26)", "timestamp": "2026-06-27T06:47:19.078971", "level": "INFO", "logger": "web.stream", "module": "stream", "function": "unregister_client", "line": 74}
{"message": "Client unregistered: client_74 (total: 25)", "timestamp": "2026-06-27T06:47:19.079178", "level": "INFO", "logger": "web.stream", "module": "stream", "function": "unregister_client", "line": 74}
{"message": "Client unregistered: client_75 (total: 24)", "timestamp": "2026-06-27T06:47:19.079402", "level": "INFO", "logger": "web.stream", "module": "stream", "function": "unregister_client", "line": 74}
{"message": "Client unregistered: client_76 (total: 23)", "timestamp": "2026-06-27T06:47:19.079746", "level": "INFO", "logger": "web.stream", "module": "stream", "function": "unregister_client", "line": 74}
{"message": "Client unregistered: client_77 (total: 22)", "timestamp": "2026-06-27T06:47:19.080060", "level": "INFO", "logger": "web.stream", "module": "stream", "function": "unregister_client", "line": 74}
{"message": "Client unregistered: client_78 (total: 21)", "timestamp": "2026-06-27T06:47:19.080484", "level": "INFO", "logger": "web.stream", "module": "stream", "function": "unregister_client", "line": 74}
{"message": "Client unregistered: client_79 (total: 20)", "timestamp": "2026-06-27T06:47:19.081041", "level": "INFO", "logger": "web.stream", "module": "stream", "function": "unregister_client", "line": 74}
{"message": "Client unregistered: client_80 (total: 19)", "timestamp": "2026-06-27T06:47:19.081494", "level": "INFO", "logger": "web.stream", "module": "stream", "function": "unregister_client", "line": 74}
{"message": "Client unregistered: client_81 (total: 18)", "timestamp": "2026-06-27T06:47:19.081921", "level": "INFO", "logger": "web.stream", "module": "stream", "function": "unregister_client", "line": 74}
{"message": "Client unregistered: client_82 (total: 17)", "timestamp": "2026-06-27T06:47:19.082332", "level": "INFO", "logger": "web.stream", "module": "stream", "function": "unregister_client", "line": 74}
{"message": "Client unregistered: client_83 (total: 16)", "timestamp": "2026-06-27T06:47:19.082722", "level": "INFO", "logger": "web.stream", "module": "stream", "function": "unregister_client", "line": 74}
{"message": "Client unregistered: client_84 (total: 15)", "timestamp": "2026-06-27T06:47:19.083117", "level": "INFO", "logger": "web.stream", "module": "stream", "function": "unregister_client", "line": 74}
{"message": "Client unregistered: client_85 (total: 14)", "timestamp": "2026-06-27T06:47:19.083605", "level": "INFO", "logger": "web.stream", "module": "stream", "function": "unregister_client", "line": 74}
{"message": "Client unregistered: client_86 (total: 13)", "timestamp": "2026-06-27T06:47:19.084013", "level": "INFO", "logger": "web.stream", "module": "stream", "function": "unregister_client", "line": 74}
{"message": "Client unregistered: client_87 (total: 12)", "timestamp": "2026-06-27T06:47:19.084349", "level": "INFO", "logger": "web.stream", "module": "stream", "function": "unregister_client", "line": 74}
{"message": "Client unregistered: client_88 (total: 11)", "timestamp": "2026-06-27T06:47:19.084611", "level": "INFO", "logger": "web.stream", "module": "stream", "function": "unregister_client", "line": 74}
{"message": "Client unregistered: client_89 (total: 10)", "timestamp": "2026-06-27T06:47:19.084814", "level": "INFO", "logger": "web.stream", "module": "stream", "function": "unregister_client", "line": 74}
{"message": "Client unregistered: client_90 (total: 9)", "timestamp": "2026-06-27T06:47:19.085016", "level": "INFO", "logger": "web.stream", "module": "stream", "function": "unregister_client", "line": 74}
{"message": "Client unregistered: client_91 (total: 8)", "timestamp": "2026-06-27T06:47:19.085200", "level": "INFO", "logger": "web.stream", "module": "stream", "function": "unregister_client", "line": 74}
{"message": "Client unregistered: client_92 (total: 7)", "timestamp": "2026-06-27T06:47:19.085398", "level": "INFO", "logger": "web.stream", "module": "stream", "function": "unregister_client", "line": 74}
{"message": "Client unregistered: client_93 (total: 6)", "timestamp": "2026-06-27T06:47:19.085628", "level": "INFO", "logger": "web.stream", "module": "stream", "function": "unregister_client", "line": 74}
{"message": "Client unregistered: client_94 (total: 5)", "timestamp": "2026-06-27T06:47:19.085839", "level": "INFO", "logger": "web.stream", "module": "stream", "function": "unregister_client", "line": 74}
{"message": "Client unregistered: client_95 (total: 4)", "timestamp": "2026-06-27T06:47:19.086031", "level": "INFO", "logger": "web.stream", "module": "stream", "function": "unregister_client", "line": 74}
{"message": "Client unregistered: client_96 (total: 3)", "timestamp": "2026-06-27T06:47:19.086254", "level": "INFO", "logger": "web.stream", "module": "stream", "function": "unregister_client", "line": 74}
{"message": "Client unregistered: client_97 (total: 2)", "timestamp": "2026-06-27T06:47:19.086507", "level": "INFO", "logger": "web.stream", "module": "stream", "function": "unregister_client", "line": 74}
{"message": "Client unregistered: client_98 (total: 1)", "timestamp": "2026-06-27T06:47:19.089150", "level": "INFO", "logger": "web.stream", "module": "stream", "function": "unregister_client", "line": 74}
{"message": "Client unregistered: client_99 (total: 0)", "timestamp": "2026-06-27T06:47:19.089520", "level": "INFO", "logger": "web.stream", "module": "stream", "function": "unregister_client", "line": 74}
